#
# A fatal error has been detected by the Java Runtime Environment:
#
#  SIGILL (0x4) at pc=0x00007fff8e283b1f, pid=478, tid=2571
#
# JRE version: Java(TM) SE Runtime Environment (8.0_65-b17) (build 1.8.0_65-b17)
# Java VM: Java HotSpot(TM) 64-Bit Server VM (25.65-b01 mixed mode bsd-amd64 compressed oops)
# Problematic frame:
# C  [libobjc.A.dylib+0x18b1f]  _ZL10_objc_trapv+0x0
#
# Failed to write core dump. Core dumps have been disabled. To enable core dumping, try "ulimit -c unlimited" before starting Java again
#
# If you would like to submit a bug report, please visit:
#   http://bugreport.java.com/bugreport/crash.jsp
# The crash happened outside the Java Virtual Machine in native code.
# See problematic frame for where to report the bug.
#

---------------  T H R E A D  ---------------

Current thread (0x00007fd045915000):  JavaThread "AppKit Thread" daemon [_thread_in_native, id=2571, stack(0x00007fff5b6f9000,0x00007fff5bef9000)]

siginfo: si_signo: 4 (SIGILL), si_code: 1 (ILL_ILLOPC), si_addr: 0x00007fff8e283b1f

Registers:
RAX=0x0000000000000000, RBX=0x00007fd042c5b070, RCX=0x0000000000000000, RDX=0x00007fff75a1ac30
RSP=0x00007fff5bef4398, RBP=0x00007fff5bef4480, RSI=0x0000010000000100, RDI=0x00007fff75a1ac10
R8 =0x00000000fffffffc, R9 =0x00007fff75a1ac28, R10=0x00000000ffffffff, R11=0x0000000000047a40
R12=0x0000000000000001, R13=0x0000000000000000, R14=0x00007fff75a1fe28, R15=0x00007fd042c5edb8
RIP=0x00007fff8e283b1f, EFLAGS=0x0000000000010206, ERR=0x0000000000000000
  TRAPNO=0x0000000000000006

Top of Stack: (sp=0x00007fff5bef4398)
0x00007fff5bef4398:   00007fff8e283c5f 00007fd042e6bf50
0x00007fff5bef43a8:   00007fd042c5b070 00007fff8a31f64d
0x00007fff5bef43b8:   00007fff8a31f64d 000000000000005f
0x00007fff5bef43c8:   00007fd042c5b070 00007fff5bef4400
0x00007fff5bef43d8:   00007fff8e27569f 00007fff5bef4440
0x00007fff5bef43e8:   00007fff8e278595 00007fff75a1fe10
0x00007fff5bef43f8:   0000000000000001 00007fff5bef4460
0x00007fff5bef4408:   00007fd042c5edb8 00007fff5bef4440
0x00007fff5bef4418:   00007fff8a31f64d 00007fff8a31f64d
0x00007fff5bef4428:   0000000000000000 00007fff74a1aae0
0x00007fff5bef4438:   00007fd042c5edb8 00007fff5bef4480
0x00007fff5bef4448:   00007fff8e278500 00007fd042e22460
0x00007fff5bef4458:   00007fd042e43550 0000003000000018
0x00007fff5bef4468:   00007fff5bef4490 00007fff5bef43a0
0x00007fff5bef4478:   00007fd042c5edb8 00007fff5bef44e0
0x00007fff5bef4488:   00007fff8e277da4 00007fff75a1ee80
0x00007fff5bef4498:   00007fff75a20b00 00007fff5bef4520
0x00007fff5bef44a8:   00007fff8e277b7e 00007fff5bef44f0
0x00007fff5bef44b8:   00007fff75a1ee80 00007fd042c5edb8
0x00007fff5bef44c8:   0000000000000000 00007fff75a1fe00
0x00007fff5bef44d8:   0000000000000000 00007fff5bef4560
0x00007fff5bef44e8:   00007fff8e277af6 ffff802fbb5a8ff0
0x00007fff5bef44f8:   00007fd042c5ebd0 0000000000000f80
0x00007fff5bef4508:   0000000000000000 0000000000000000
0x00007fff5bef4518:   0000000000000000 00007fd042c5b070
0x00007fff5bef4528:   000000000000001f 0000000000000007
0x00007fff5bef4538:   00007fd044a57010 0000000000000000
0x00007fff5bef4548:   00007fd042c13ec0 00007fd042c5ebd0
0x00007fff5bef4558:   00007fd042c5b070 00007fff5bef45a0
0x00007fff5bef4568:   00007fff9935c8f3 00007fd044a57010
0x00007fff5bef4578:   0000000000000000 00007fd042c5b070
0x00007fff5bef4588:   00007fff8e272e40 00007fd044a57010 

Instructions: (pc=0x00007fff8e283b1f)
0x00007fff8e283aff:   df e8 f9 a2 00 00 bf 02 00 00 00 48 89 de 48 89
0x00007fff8e283b0f:   c2 e8 49 a3 00 00 48 81 c4 98 00 00 00 5b 5d c3
0x00007fff8e283b1f:   0f 0b 55 48 89 e5 48 81 ec d0 00 00 00 84 c0 74
0x00007fff8e283b2f:   26 0f 29 85 60 ff ff ff 0f 29 8d 70 ff ff ff 0f 

Register to memory mapping:

RAX=0x0000000000000000 is an unknown value
RBX=0x00007fd042c5b070 is an unknown value
RCX=0x0000000000000000 is an unknown value
RDX=0x00007fff75a1ac30: _ZZL14_objc_crashlogPKcE13crashlog_lock+0x20 in /usr/lib/libobjc.A.dylib at 0x00007fff8e26b000
RSP=0x00007fff5bef4398 is pointing into the stack for thread: 0x00007fd045915000
RBP=0x00007fff5bef4480 is pointing into the stack for thread: 0x00007fd045915000
RSI=0x0000010000000100 is an unknown value
RDI=0x00007fff75a1ac10: _ZZL14_objc_crashlogPKcE13crashlog_lock+0 in /usr/lib/libobjc.A.dylib at 0x00007fff8e26b000
R8 =0x00000000fffffffc is an unknown value
R9 =0x00007fff75a1ac28: _ZZL14_objc_crashlogPKcE13crashlog_lock+0x18 in /usr/lib/libobjc.A.dylib at 0x00007fff8e26b000
R10=0x00000000ffffffff is an unknown value
R11=0x0000000000047a40 is an unknown value
R12=0x0000000000000001 is an unknown value
R13=0x0000000000000000 is an unknown value
R14=0x00007fff75a1fe28: _ZN12_GLOBAL__N_1L12SideTableBufE+0xfa8 in /usr/lib/libobjc.A.dylib at 0x00007fff8e26b000
R15=0x00007fd042c5edb8 is an unknown value


Stack: [0x00007fff5b6f9000,0x00007fff5bef9000],  sp=0x00007fff5bef4398,  free space=8172k
Native frames: (J=compiled Java code, j=interpreted, Vv=VM code, C=native code)
C  [libobjc.A.dylib+0x18b1f]  _ZL10_objc_trapv+0x0
C  [libobjc.A.dylib+0xcda4]  weak_register_no_lock+0xde
C  [libobjc.A.dylib+0xcaf6]  objc_storeWeak+0x18b
C  [Foundation+0x198f3]  -[NSConcreteMapTable setObject:forKey:]+0x6e
C  [AppKit+0x347c8a]  -[NSView(NSOpenGLContextAssociation) _setOpenGLContext:]+0xf2
C  [AppKit+0x6815d3]  __27-[NSOpenGLContext setView:]_block_invoke+0x60
C  [AppKit+0x183f05]  NSPerformVisuallyAtomicChange+0x93
C  [AppKit+0x34792d]  -[NSOpenGLContext setView:]+0x77
C  [liblwjgl.dylib+0xa586]  -[MacOSXOpenGLView lockFocus]+0x76
C  [AppKit+0x1a967f]  -[NSView _recursiveDisplayRectIfNeededIgnoringOpacity:isVisibleRect:rectIsVisibleRectForView:topView:]+0x6e2
C  [AppKit+0x1aa66d]  -[NSView _recursiveDisplayRectIfNeededIgnoringOpacity:isVisibleRect:rectIsVisibleRectForView:topView:]+0x16d0
C  [AppKit+0x1a8ac8]  -[NSThemeFrame _recursiveDisplayRectIfNeededIgnoringOpacity:isVisibleRect:rectIsVisibleRectForView:topView:]+0x14e
C  [AppKit+0x1a6ed3]  -[NSView _displayRectIgnoringOpacity:isVisibleRect:rectIsVisibleRectForView:]+0x991
C  [AppKit+0x1a22e1]  -[NSView displayIfNeeded]+0x79e
C  [AppKit+0x1a1b28]  -[NSWindow displayIfNeeded]+0xe8
C  [AppKit+0x8200be]  ___NSWindowGetDisplayCycleObserver_block_invoke6323+0x1dc
C  [AppKit+0x1a14c3]  __37+[NSDisplayCycle currentDisplayCycle]_block_invoke+0x2e2
C  [QuartzCore+0x117d1]  _ZN2CA11Transaction19run_commit_handlersE18CATransactionPhase+0x55
C  [QuartzCore+0x10c8c]  _ZN2CA7Context18commit_transactionEPNS_11TransactionE+0xa0
C  [QuartzCore+0x1094c]  _ZN2CA11Transaction6commitEv+0x1fc
C  [QuartzCore+0x1c13b]  _ZN2CA11Transaction17observer_callbackEP19__CFRunLoopObservermPv+0x47
C  [CoreFoundation+0xaa097]  __CFRUNLOOP_IS_CALLING_OUT_TO_AN_OBSERVER_CALLBACK_FUNCTION__+0x17
C  [CoreFoundation+0xaa007]  __CFRunLoopDoObservers+0x187
C  [CoreFoundation+0x88fe8]  CFRunLoopRunSpecific+0x148
C  [HIToolbox+0x30d55]  RunCurrentEventLoopInMode+0xeb
C  [HIToolbox+0x30a97]  ReceiveNextEventCommon+0xb8
C  [HIToolbox+0x309cf]  _BlockUntilNextEventMatchingListInModeWithFilter+0x47
C  [AppKit+0x49d96]  _DPSNextEvent+0x42b
C  [AppKit+0x491c5]  -[NSApplication _nextEventMatchingEventMask:untilDate:inMode:dequeue:]+0x1c6
C  [libosxapp.dylib+0x23aa]  -[NSApplicationAWT nextEventMatchingMask:untilDate:inMode:dequeue:]+0x7c
C  [AppKit+0x3dd28]  -[NSApplication run]+0x2aa
C  [libosxapp.dylib+0x214d]  +[NSApplicationAWT runAWTLoopWithApp:]+0x9c
C  [libawt_lwawt.dylib+0x44517]  -[AWTStarter starter:]+0x389
C  [Foundation+0x7741e]  __NSThreadPerformPerform+0x117
C  [CoreFoundation+0xaa8b1]  __CFRUNLOOP_IS_CALLING_OUT_TO_A_SOURCE0_PERFORM_FUNCTION__+0x11
C  [CoreFoundation+0x8a0ac]  __CFRunLoopDoSources0+0x22c
C  [CoreFoundation+0x895cf]  __CFRunLoopRun+0x39f
C  [CoreFoundation+0x88fc8]  CFRunLoopRunSpecific+0x128
C  [java+0x6463]  CreateExecutionEnvironment+0x367
C  [java+0x21ac]  JLI_Launch+0x7a0
C  [java+0x84c0]  main+0x65
C  [java+0x1a04]  start+0x34
C  0x0000000000000006


---------------  P R O C E S S  ---------------

Java Threads: ( => current thread )
  0x00007fd04409b800 JavaThread "AWT-Shutdown" [_thread_blocked, id=31779, stack(0x000070000165f000,0x000070000175f000)]
=>0x00007fd045915000 JavaThread "AppKit Thread" daemon [_thread_in_native, id=2571, stack(0x00007fff5b6f9000,0x00007fff5bef9000)]
  0x00007fd045029000 JavaThread "Service Thread" daemon [_thread_blocked, id=21251, stack(0x0000700001353000,0x0000700001453000)]
  0x00007fd04583b800 JavaThread "C1 CompilerThread3" daemon [_thread_blocked, id=20739, stack(0x0000700001250000,0x0000700001350000)]
  0x00007fd04583a800 JavaThread "C2 CompilerThread2" daemon [_thread_blocked, id=20227, stack(0x000070000114d000,0x000070000124d000)]
  0x00007fd04583a000 JavaThread "C2 CompilerThread1" daemon [_thread_blocked, id=19715, stack(0x000070000104a000,0x000070000114a000)]
  0x00007fd04402d800 JavaThread "C2 CompilerThread0" daemon [_thread_blocked, id=19203, stack(0x0000700000f47000,0x0000700001047000)]
  0x00007fd045810000 JavaThread "Signal Dispatcher" daemon [_thread_blocked, id=14863, stack(0x0000700000e44000,0x0000700000f44000)]
  0x00007fd045015000 JavaThread "Finalizer" daemon [_thread_blocked, id=14339, stack(0x0000700000c3b000,0x0000700000d3b000)]
  0x00007fd045014800 JavaThread "Reference Handler" daemon [_thread_blocked, id=13827, stack(0x0000700000b38000,0x0000700000c38000)]
  0x00007fd045801800 JavaThread "main" [_thread_in_native, id=4099, stack(0x0000700000084000,0x0000700000184000)]

Other Threads:
  0x00007fd045012000 VMThread [stack: 0x0000700000a35000,0x0000700000b35000] [id=13315]
  0x00007fd04580f800 WatcherThread [stack: 0x0000700001456000,0x0000700001556000] [id=21763]

VM state:not at safepoint (normal execution)

VM Mutex/Monitor currently owned by a thread: None

Heap:
 PSYoungGen      total 38400K, used 8378K [0x0000000795580000, 0x0000000798000000, 0x00000007c0000000)
  eden space 33280K, 25% used [0x0000000795580000,0x0000000795daea38,0x0000000797600000)
  from space 5120K, 0% used [0x0000000797b00000,0x0000000797b00000,0x0000000798000000)
  to   space 5120K, 0% used [0x0000000797600000,0x0000000797600000,0x0000000797b00000)
 ParOldGen       total 87552K, used 0K [0x0000000740000000, 0x0000000745580000, 0x0000000795580000)
  object space 87552K, 0% used [0x0000000740000000,0x0000000740000000,0x0000000745580000)
 Metaspace       used 5909K, capacity 6047K, committed 6400K, reserved 1056768K
  class space    used 596K, capacity 664K, committed 768K, reserved 1048576K

Card table byte_map: [0x00000001153c0000,0x00000001157c1000] byte_map_base: 0x00000001119c0000

Marking Bits: (ParMarkBitMap*) 0x0000000104861e20
 Begin Bits: [0x0000000115a6c000, 0x0000000117a6c000)
 End Bits:   [0x0000000117a6c000, 0x0000000119a6c000)

Polling page: 0x0000000104f53000

CodeCache: size=245760Kb used=2110Kb max_used=2120Kb free=243649Kb
 bounds [0x0000000106000000, 0x0000000106270000, 0x0000000115000000]
 total_blobs=842 nmethods=502 adapters=254
 compilation: enabled

Compilation events (10 events):
Event: 5.380 Thread 0x00007fd04583b800  498       3       org.lwjgl.opengl.Display::sync (5 bytes)
Event: 5.380 Thread 0x00007fd04583b800 nmethod 498 0x000000010620eb10 code [0x000000010620ec80, 0x000000010620ede8]
Event: 5.393 Thread 0x00007fd04583b800  499   !   3       org.lwjgl.opengl.Display::isCloseRequested (38 bytes)
Event: 5.394 Thread 0x00007fd04583b800 nmethod 499 0x000000010620ee90 code [0x000000010620f060, 0x000000010620f828]
Event: 5.394 Thread 0x00007fd04583b800  500   !   3       org.lwjgl.opengl.MacOSXDisplay::isCloseRequested (26 bytes)
Event: 5.394 Thread 0x00007fd04583b800 nmethod 500 0x000000010620fbd0 code [0x000000010620fd40, 0x0000000106210030]
Event: 6.410 Thread 0x00007fd04583a000  501   !   4       org.lwjgl.opengl.Display::isCreated (17 bytes)
Event: 6.412 Thread 0x00007fd04583a000 nmethod 501 0x0000000106212f10 code [0x0000000106213060, 0x0000000106213278]
Event: 7.240 Thread 0x00007fd04583b800  502       3       sun.awt.AWTAutoShutdown::isReadyToShutdown (37 bytes)
Event: 7.240 Thread 0x00007fd04583b800 nmethod 502 0x00000001062128d0 code [0x0000000106212a60, 0x0000000106212e18]

GC Heap History (0 events):
No events

Deoptimization events (1 events):
Event: 1.136 Thread 0x00007fd045801800 Uncommon trap: reason=unstable_if action=reinterpret pc=0x000000010619d99c method=java.lang.String.replace(CC)Ljava/lang/String; @ 26

Internal exceptions (10 events):
Event: 0.089 Thread 0x00007fd045801800 Exception <a 'java/security/PrivilegedActionException'> (0x0000000795785250) thrown at [/Users/java_re/workspace/8-2-build-macosx-x86_64/jdk8u65/4987/hotspot/src/share/vm/prims/jvm.cpp, line 1386]
Event: 0.089 Thread 0x00007fd045801800 Exception <a 'java/security/PrivilegedActionException'> (0x0000000795785460) thrown at [/Users/java_re/workspace/8-2-build-macosx-x86_64/jdk8u65/4987/hotspot/src/share/vm/prims/jvm.cpp, line 1386]
Event: 0.117 Thread 0x00007fd045801800 Exception <a 'java/security/PrivilegedActionException'> (0x000000079583abe0) thrown at [/Users/java_re/workspace/8-2-build-macosx-x86_64/jdk8u65/4987/hotspot/src/share/vm/prims/jvm.cpp, line 1386]
Event: 0.117 Thread 0x00007fd045801800 Exception <a 'java/security/PrivilegedActionException'> (0x000000079583adf0) thrown at [/Users/java_re/workspace/8-2-build-macosx-x86_64/jdk8u65/4987/hotspot/src/share/vm/prims/jvm.cpp, line 1386]
Event: 0.118 Thread 0x00007fd045801800 Exception <a 'java/security/PrivilegedActionException'> (0x000000079583e278) thrown at [/Users/java_re/workspace/8-2-build-macosx-x86_64/jdk8u65/4987/hotspot/src/share/vm/prims/jvm.cpp, line 1386]
Event: 0.118 Thread 0x00007fd045801800 Exception <a 'java/security/PrivilegedActionException'> (0x000000079583e488) thrown at [/Users/java_re/workspace/8-2-build-macosx-x86_64/jdk8u65/4987/hotspot/src/share/vm/prims/jvm.cpp, line 1386]
Event: 0.157 Thread 0x00007fd045801800 Exception <a 'java/lang/NoSuchFieldError': method resolution failed> (0x000000079590cc48) thrown at [/Users/java_re/workspace/8-2-build-macosx-x86_64/jdk8u65/4987/hotspot/src/share/vm/prims/methodHandles.cpp, line 1146]
Event: 0.158 Thread 0x00007fd045801800 Exception <a 'java/lang/NoSuchFieldError': method resolution failed> (0x000000079591a398) thrown at [/Users/java_re/workspace/8-2-build-macosx-x86_64/jdk8u65/4987/hotspot/src/share/vm/prims/methodHandles.cpp, line 1146]
Event: 0.262 Thread 0x00007fd045801800 Exception <a 'java/io/FileNotFoundException'> (0x00000007959953a8) thrown at [/Users/java_re/workspace/8-2-build-macosx-x86_64/jdk8u65/4987/hotspot/src/share/vm/prims/jni.cpp, line 709]
Event: 0.262 Thread 0x00007fd045801800 Exception <a 'java/io/FileNotFoundException'> (0x0000000795995f10) thrown at [/Users/java_re/workspace/8-2-build-macosx-x86_64/jdk8u65/4987/hotspot/src/share/vm/prims/jni.cpp, line 709]

Events (10 events):
Event: 2.140 loading class java/util/HashMap$KeyIterator
Event: 2.140 loading class java/util/HashMap$KeyIterator done
Event: 2.140 Thread 0x00007fd04409b800 Thread exited: 0x00007fd04409b800
Event: 2.631 Thread 0x00007fd04409b800 Thread added: 0x00007fd04409b800
Event: 3.725 Thread 0x00007fd045801800 DEOPT PACKING pc=0x00000001061ee1b3 sp=0x0000700000183750
Event: 3.725 Thread 0x00007fd045801800 DEOPT UNPACKING pc=0x0000000106047633 sp=0x0000700000183580 mode 0
Event: 4.108 Executing VM operation: EnableBiasedLocking
Event: 4.109 Executing VM operation: EnableBiasedLocking done
Event: 6.681 Thread 0x00007fd04409b800 Thread exited: 0x00007fd04409b800
Event: 6.750 Thread 0x00007fd04409b800 Thread added: 0x00007fd04409b800


Dynamic libraries:
0x0000000003a36000 	/System/Library/Frameworks/Cocoa.framework/Versions/A/Cocoa
0x0000000003a36000 	/System/Library/Frameworks/Security.framework/Versions/A/Security
0x0000000003a36000 	/System/Library/Frameworks/ApplicationServices.framework/Versions/A/ApplicationServices
0x0000000003a36000 	/usr/lib/libz.1.dylib
0x0000000003a36000 	/usr/lib/libSystem.B.dylib
0x0000000003a36000 	/usr/lib/libobjc.A.dylib
0x0000000003a36000 	/System/Library/Frameworks/CoreFoundation.framework/Versions/A/CoreFoundation
0x0000000003a36000 	/System/Library/Frameworks/Foundation.framework/Versions/C/Foundation
0x0000000003a36000 	/System/Library/Frameworks/AppKit.framework/Versions/C/AppKit
0x0000000003a36000 	/System/Library/Frameworks/CoreData.framework/Versions/A/CoreData
0x0000000003a36000 	/System/Library/PrivateFrameworks/RemoteViewServices.framework/Versions/A/RemoteViewServices
0x0000000003a36000 	/System/Library/PrivateFrameworks/UIFoundation.framework/Versions/A/UIFoundation
0x0000000003a36000 	/usr/lib/libScreenReader.dylib
0x0000000003a36000 	/System/Library/Frameworks/Accelerate.framework/Versions/A/Accelerate
0x0000000003a36000 	/System/Library/Frameworks/IOSurface.framework/Versions/A/IOSurface
0x0000000003a36000 	/System/Library/Frameworks/AudioToolbox.framework/Versions/A/AudioToolbox
0x0000000003a36000 	/System/Library/Frameworks/AudioUnit.framework/Versions/A/AudioUnit
0x0000000003a36000 	/System/Library/PrivateFrameworks/DataDetectorsCore.framework/Versions/A/DataDetectorsCore
0x0000000003a36000 	/System/Library/PrivateFrameworks/DesktopServicesPriv.framework/Versions/A/DesktopServicesPriv
0x0000000003a36000 	/System/Library/Frameworks/Carbon.framework/Versions/A/Frameworks/HIToolbox.framework/Versions/A/HIToolbox
0x0000000003a36000 	/System/Library/Frameworks/QuartzCore.framework/Versions/A/QuartzCore
0x0000000003a36000 	/System/Library/Frameworks/Carbon.framework/Versions/A/Frameworks/SpeechRecognition.framework/Versions/A/SpeechRecognition
0x0000000003a36000 	/usr/lib/libauto.dylib
0x0000000003a36000 	/usr/lib/libicucore.A.dylib
0x0000000003a36000 	/usr/lib/libxml2.2.dylib
0x0000000003a36000 	/System/Library/PrivateFrameworks/CoreUI.framework/Versions/A/CoreUI
0x0000000003a36000 	/System/Library/Frameworks/CoreAudio.framework/Versions/A/CoreAudio
0x0000000003a36000 	/System/Library/Frameworks/DiskArbitration.framework/Versions/A/DiskArbitration
0x0000000003a36000 	/usr/lib/liblangid.dylib
0x0000000003a36000 	/System/Library/PrivateFrameworks/MultitouchSupport.framework/Versions/A/MultitouchSupport
0x0000000003a36000 	/System/Library/Frameworks/IOKit.framework/Versions/A/IOKit
0x0000000003a36000 	/usr/lib/libDiagnosticMessagesClient.dylib
0x0000000003a36000 	/System/Library/Frameworks/CoreServices.framework/Versions/A/CoreServices
0x0000000003a36000 	/System/Library/PrivateFrameworks/PerformanceAnalysis.framework/Versions/A/PerformanceAnalysis
0x0000000003a36000 	/System/Library/PrivateFrameworks/GenerationalStorage.framework/Versions/A/GenerationalStorage
0x0000000003a36000 	/System/Library/Frameworks/OpenGL.framework/Versions/A/OpenGL
0x0000000003a36000 	/System/Library/PrivateFrameworks/Sharing.framework/Versions/A/Sharing
0x0000000003a36000 	/System/Library/Frameworks/CoreGraphics.framework/Versions/A/CoreGraphics
0x0000000003a36000 	/System/Library/Frameworks/CoreImage.framework/Versions/A/CoreImage
0x0000000003a36000 	/System/Library/Frameworks/CoreText.framework/Versions/A/CoreText
0x0000000003a36000 	/System/Library/Frameworks/ImageIO.framework/Versions/A/ImageIO
0x0000000003a36000 	/System/Library/PrivateFrameworks/Backup.framework/Versions/A/Backup
0x0000000003a36000 	/usr/lib/libextension.dylib
0x0000000003a36000 	/usr/lib/libarchive.2.dylib
0x0000000003a36000 	/System/Library/Frameworks/CFNetwork.framework/Versions/A/CFNetwork
0x0000000003a36000 	/System/Library/Frameworks/SystemConfiguration.framework/Versions/A/SystemConfiguration
0x0000000003a36000 	/usr/lib/libCRFSuite.dylib
0x0000000003a36000 	/usr/lib/libc++.1.dylib
0x0000000003a36000 	/usr/lib/libc++abi.dylib
0x0000000003a36000 	/usr/lib/system/libcache.dylib
0x0000000003a36000 	/usr/lib/system/libcommonCrypto.dylib
0x0000000003a36000 	/usr/lib/system/libcompiler_rt.dylib
0x0000000003a36000 	/usr/lib/system/libcopyfile.dylib
0x0000000003a36000 	/usr/lib/system/libcorecrypto.dylib
0x0000000003a36000 	/usr/lib/system/libdispatch.dylib
0x0000000003a36000 	/usr/lib/system/libdyld.dylib
0x0000000003a36000 	/usr/lib/system/libkeymgr.dylib
0x0000000003a36000 	/usr/lib/system/liblaunch.dylib
0x0000000003a36000 	/usr/lib/system/libmacho.dylib
0x0000000003a36000 	/usr/lib/system/libquarantine.dylib
0x0000000003a36000 	/usr/lib/system/libremovefile.dylib
0x0000000003a36000 	/usr/lib/system/libsystem_asl.dylib
0x0000000003a36000 	/usr/lib/system/libsystem_blocks.dylib
0x0000000003a36000 	/usr/lib/system/libsystem_c.dylib
0x0000000003a36000 	/usr/lib/system/libsystem_configuration.dylib
0x0000000003a36000 	/usr/lib/system/libsystem_coreservices.dylib
0x0000000003a36000 	/usr/lib/system/libsystem_coretls.dylib
0x0000000003a36000 	/usr/lib/system/libsystem_dnssd.dylib
0x0000000003a36000 	/usr/lib/system/libsystem_info.dylib
0x0000000003a36000 	/usr/lib/system/libsystem_kernel.dylib
0x0000000003a36000 	/usr/lib/system/libsystem_m.dylib
0x0000000003a36000 	/usr/lib/system/libsystem_malloc.dylib
0x0000000003a36000 	/usr/lib/system/libsystem_network.dylib
0x0000000003a36000 	/usr/lib/system/libsystem_networkextension.dylib
0x0000000003a36000 	/usr/lib/system/libsystem_notify.dylib
0x0000000003a36000 	/usr/lib/system/libsystem_platform.dylib
0x0000000003a36000 	/usr/lib/system/libsystem_pthread.dylib
0x0000000003a36000 	/usr/lib/system/libsystem_sandbox.dylib
0x0000000003a36000 	/usr/lib/system/libsystem_secinit.dylib
0x0000000003a36000 	/usr/lib/system/libsystem_trace.dylib
0x0000000003a36000 	/usr/lib/system/libunc.dylib
0x0000000003a36000 	/usr/lib/system/libunwind.dylib
0x0000000003a36000 	/usr/lib/system/libxpc.dylib
0x0000000003a36000 	/usr/lib/libenergytrace.dylib
0x0000000003a36000 	/usr/lib/libbsm.0.dylib
0x0000000003a36000 	/usr/lib/system/libkxld.dylib
0x0000000003a36000 	/usr/lib/libxar.1.dylib
0x0000000003a36000 	/usr/lib/libsqlite3.dylib
0x0000000003a36000 	/usr/lib/libpam.2.dylib
0x0000000003a36000 	/usr/lib/libOpenScriptingUtil.dylib
0x0000000003a36000 	/usr/lib/libbz2.1.0.dylib
0x0000000003a36000 	/usr/lib/liblzma.5.dylib
0x0000000003a36000 	/System/Library/Frameworks/CoreServices.framework/Versions/A/Frameworks/FSEvents.framework/Versions/A/FSEvents
0x0000000003a36000 	/System/Library/Frameworks/CoreServices.framework/Versions/A/Frameworks/CarbonCore.framework/Versions/A/CarbonCore
0x0000000003a36000 	/System/Library/Frameworks/CoreServices.framework/Versions/A/Frameworks/Metadata.framework/Versions/A/Metadata
0x0000000003a36000 	/System/Library/Frameworks/CoreServices.framework/Versions/A/Frameworks/OSServices.framework/Versions/A/OSServices
0x0000000003a36000 	/System/Library/Frameworks/CoreServices.framework/Versions/A/Frameworks/SearchKit.framework/Versions/A/SearchKit
0x0000000003a36000 	/System/Library/Frameworks/CoreServices.framework/Versions/A/Frameworks/AE.framework/Versions/A/AE
0x0000000003a36000 	/System/Library/Frameworks/CoreServices.framework/Versions/A/Frameworks/LaunchServices.framework/Versions/A/LaunchServices
0x0000000003a36000 	/System/Library/Frameworks/CoreServices.framework/Versions/A/Frameworks/DictionaryServices.framework/Versions/A/DictionaryServices
0x0000000003a36000 	/System/Library/Frameworks/CoreServices.framework/Versions/A/Frameworks/SharedFileList.framework/Versions/A/SharedFileList
0x0000000003a36000 	/System/Library/Frameworks/NetFS.framework/Versions/A/NetFS
0x0000000003a36000 	/System/Library/PrivateFrameworks/NetAuth.framework/Versions/A/NetAuth
0x0000000003a36000 	/System/Library/PrivateFrameworks/login.framework/Versions/A/Frameworks/loginsupport.framework/Versions/A/loginsupport
0x0000000003a36000 	/System/Library/PrivateFrameworks/TCC.framework/Versions/A/TCC
0x0000000003a36000 	/usr/lib/libmecabra.dylib
0x0000000003a36000 	/System/Library/Frameworks/ApplicationServices.framework/Versions/A/Frameworks/ATS.framework/Versions/A/ATS
0x0000000003a36000 	/System/Library/Frameworks/ApplicationServices.framework/Versions/A/Frameworks/ColorSync.framework/Versions/A/ColorSync
0x0000000003a36000 	/System/Library/Frameworks/ApplicationServices.framework/Versions/A/Frameworks/HIServices.framework/Versions/A/HIServices
0x0000000003a36000 	/System/Library/Frameworks/ApplicationServices.framework/Versions/A/Frameworks/LangAnalysis.framework/Versions/A/LangAnalysis
0x0000000003a36000 	/System/Library/Frameworks/ApplicationServices.framework/Versions/A/Frameworks/PrintCore.framework/Versions/A/PrintCore
0x0000000003a36000 	/System/Library/Frameworks/ApplicationServices.framework/Versions/A/Frameworks/QD.framework/Versions/A/QD
0x0000000003a36000 	/System/Library/Frameworks/ApplicationServices.framework/Versions/A/Frameworks/SpeechSynthesis.framework/Versions/A/SpeechSynthesis
0x0000000003a36000 	/System/Library/Frameworks/Metal.framework/Versions/A/Metal
0x0000000003a36000 	/System/Library/Frameworks/Accelerate.framework/Versions/A/Frameworks/vImage.framework/Versions/A/vImage
0x0000000003a36000 	/System/Library/Frameworks/Accelerate.framework/Versions/A/Frameworks/vecLib.framework/Versions/A/vecLib
0x0000000003a36000 	/System/Library/Frameworks/Accelerate.framework/Versions/A/Frameworks/vecLib.framework/Versions/A/libvDSP.dylib
0x0000000003a36000 	/System/Library/Frameworks/Accelerate.framework/Versions/A/Frameworks/vecLib.framework/Versions/A/libvMisc.dylib
0x0000000003a36000 	/System/Library/Frameworks/Accelerate.framework/Versions/A/Frameworks/vecLib.framework/Versions/A/libLAPACK.dylib
0x0000000003a36000 	/System/Library/Frameworks/Accelerate.framework/Versions/A/Frameworks/vecLib.framework/Versions/A/libBLAS.dylib
0x0000000003a36000 	/System/Library/Frameworks/Accelerate.framework/Versions/A/Frameworks/vecLib.framework/Versions/A/libLinearAlgebra.dylib
0x0000000003a36000 	/System/Library/Frameworks/Accelerate.framework/Versions/A/Frameworks/vecLib.framework/Versions/A/libSparseBLAS.dylib
0x0000000003a36000 	/System/Library/PrivateFrameworks/GPUCompiler.framework/libmetal_timestamp.dylib
0x0000000003a36000 	/System/Library/Frameworks/OpenGL.framework/Versions/A/Libraries/libCoreFSCache.dylib
0x0000000003a36000 	/System/Library/PrivateFrameworks/IOAccelerator.framework/Versions/A/IOAccelerator
0x0000000003a36000 	/System/Library/Frameworks/ApplicationServices.framework/Versions/A/Frameworks/ATS.framework/Versions/A/Resources/libFontParser.dylib
0x0000000003a36000 	/System/Library/Frameworks/ApplicationServices.framework/Versions/A/Frameworks/ATS.framework/Versions/A/Resources/libFontRegistry.dylib
0x0000000003a36000 	/System/Library/PrivateFrameworks/AppleVPA.framework/Versions/A/AppleVPA
0x0000000003a36000 	/System/Library/PrivateFrameworks/AppleJPEG.framework/Versions/A/AppleJPEG
0x0000000003a36000 	/System/Library/Frameworks/ImageIO.framework/Versions/A/Resources/libJPEG.dylib
0x0000000003a36000 	/System/Library/Frameworks/ImageIO.framework/Versions/A/Resources/libTIFF.dylib
0x0000000003a36000 	/System/Library/Frameworks/ImageIO.framework/Versions/A/Resources/libPng.dylib
0x0000000003a36000 	/System/Library/Frameworks/ImageIO.framework/Versions/A/Resources/libGIF.dylib
0x0000000003a36000 	/System/Library/Frameworks/ImageIO.framework/Versions/A/Resources/libJP2.dylib
0x0000000003a36000 	/System/Library/Frameworks/ImageIO.framework/Versions/A/Resources/libRadiance.dylib
0x0000000003a36000 	/System/Library/Frameworks/CoreVideo.framework/Versions/A/CoreVideo
0x0000000003a36000 	/System/Library/Frameworks/OpenGL.framework/Versions/A/Libraries/libGLU.dylib
0x0000000003a36000 	/System/Library/Frameworks/OpenGL.framework/Versions/A/Libraries/libGFXShared.dylib
0x0000000003a36000 	/System/Library/Frameworks/OpenGL.framework/Versions/A/Libraries/libGL.dylib
0x0000000003a36000 	/System/Library/Frameworks/OpenGL.framework/Versions/A/Libraries/libGLImage.dylib
0x0000000003a36000 	/System/Library/Frameworks/OpenGL.framework/Versions/A/Libraries/libCVMSPluginSupport.dylib
0x0000000003a36000 	/System/Library/Frameworks/OpenGL.framework/Versions/A/Libraries/libCoreVMClient.dylib
0x0000000003a36000 	/usr/lib/libcups.2.dylib
0x0000000003a36000 	/System/Library/Frameworks/Kerberos.framework/Versions/A/Kerberos
0x0000000003a36000 	/System/Library/Frameworks/GSS.framework/Versions/A/GSS
0x0000000003a36000 	/usr/lib/libresolv.9.dylib
0x0000000003a36000 	/usr/lib/libiconv.2.dylib
0x0000000003a36000 	/System/Library/PrivateFrameworks/Heimdal.framework/Versions/A/Heimdal
0x0000000003a36000 	/usr/lib/libheimdal-asn1.dylib
0x0000000003a36000 	/System/Library/Frameworks/OpenDirectory.framework/Versions/A/OpenDirectory
0x0000000003a36000 	/System/Library/PrivateFrameworks/CommonAuth.framework/Versions/A/CommonAuth
0x0000000003a36000 	/System/Library/Frameworks/OpenDirectory.framework/Versions/A/Frameworks/CFOpenDirectory.framework/Versions/A/CFOpenDirectory
0x0000000003a36000 	/System/Library/Frameworks/SecurityFoundation.framework/Versions/A/SecurityFoundation
0x0000000003a36000 	/System/Library/PrivateFrameworks/LanguageModeling.framework/Versions/A/LanguageModeling
0x0000000003a36000 	/usr/lib/libmarisa.dylib
0x0000000003a36000 	/usr/lib/libChineseTokenizer.dylib
0x0000000003a36000 	/usr/lib/libcmph.dylib
0x0000000003a36000 	/usr/lib/libcompression.dylib
0x0000000003a36000 	/System/Library/Frameworks/ServiceManagement.framework/Versions/A/ServiceManagement
0x0000000003a36000 	/usr/lib/libxslt.1.dylib
0x0000000003a36000 	/System/Library/Frameworks/Carbon.framework/Versions/A/Frameworks/Ink.framework/Versions/A/Ink
0x0000000003a36000 	/usr/lib/libFosl_dynamic.dylib
0x0000000003a36000 	/System/Library/PrivateFrameworks/FaceCore.framework/Versions/A/FaceCore
0x0000000003a36000 	/System/Library/Frameworks/OpenCL.framework/Versions/A/OpenCL
0x0000000003a36000 	/System/Library/PrivateFrameworks/CrashReporterSupport.framework/Versions/A/CrashReporterSupport
0x0000000003a36000 	/System/Library/PrivateFrameworks/IconServices.framework/Versions/A/IconServices
0x0000000003a36000 	/System/Library/PrivateFrameworks/Apple80211.framework/Versions/A/Apple80211
0x0000000003a36000 	/System/Library/Frameworks/CoreWLAN.framework/Versions/A/CoreWLAN
0x0000000003a36000 	/System/Library/Frameworks/IOBluetooth.framework/Versions/A/IOBluetooth
0x0000000003a36000 	/System/Library/PrivateFrameworks/CoreWiFi.framework/Versions/A/CoreWiFi
0x0000000003a36000 	/System/Library/Frameworks/CoreBluetooth.framework/Versions/A/CoreBluetooth
0x0000000003a36000 	/System/Library/PrivateFrameworks/ChunkingLibrary.framework/Versions/A/ChunkingLibrary
0x0000000003a36000 	/System/Library/PrivateFrameworks/DebugSymbols.framework/Versions/A/DebugSymbols
0x0000000003a36000 	/System/Library/PrivateFrameworks/CoreSymbolication.framework/Versions/A/CoreSymbolication
0x0000000003a36000 	/System/Library/PrivateFrameworks/Symbolication.framework/Versions/A/Symbolication
0x0000000003a36000 	/System/Library/PrivateFrameworks/SpeechRecognitionCore.framework/Versions/A/SpeechRecognitionCore
0x0000000103f83000 	/Library/Java/JavaVirtualMachines/jdk1.8.0_65.jdk/Contents/Home/jre/lib/server/libjvm.dylib
0x0000000003a36000 	/usr/lib/libstdc++.6.dylib
0x0000000104f10000 	/Library/Java/JavaVirtualMachines/jdk1.8.0_65.jdk/Contents/Home/jre/lib/libverify.dylib
0x0000000104f1e000 	/Library/Java/JavaVirtualMachines/jdk1.8.0_65.jdk/Contents/Home/jre/lib/libjava.dylib
0x0000000104f5d000 	/Library/Java/JavaVirtualMachines/jdk1.8.0_65.jdk/Contents/Home/jre/lib/libzip.dylib
0x000000011c552000 	/System/Library/Frameworks/JavaVM.framework/Frameworks/JavaRuntimeSupport.framework/JavaRuntimeSupport
0x000000011c56d000 	/System/Library/Frameworks/JavaVM.framework/Versions/A/Frameworks/JavaNativeFoundation.framework/Versions/A/JavaNativeFoundation
0x000000011c582000 	/System/Library/Frameworks/JavaVM.framework/Versions/A/JavaVM
0x0000000003a36000 	/System/Library/Frameworks/Carbon.framework/Versions/A/Carbon
0x000000011c58f000 	/System/Library/PrivateFrameworks/JavaLaunching.framework/Versions/A/JavaLaunching
0x0000000003a36000 	/System/Library/Frameworks/Carbon.framework/Versions/A/Frameworks/CommonPanels.framework/Versions/A/CommonPanels
0x0000000003a36000 	/System/Library/Frameworks/Carbon.framework/Versions/A/Frameworks/Help.framework/Versions/A/Help
0x0000000003a36000 	/System/Library/Frameworks/Carbon.framework/Versions/A/Frameworks/ImageCapture.framework/Versions/A/ImageCapture
0x0000000003a36000 	/System/Library/Frameworks/Carbon.framework/Versions/A/Frameworks/OpenScripting.framework/Versions/A/OpenScripting
0x0000000003a36000 	/System/Library/Frameworks/Carbon.framework/Versions/A/Frameworks/Print.framework/Versions/A/Print
0x0000000003a36000 	/System/Library/Frameworks/Carbon.framework/Versions/A/Frameworks/SecurityHI.framework/Versions/A/SecurityHI
0x000000011def6000 	/Library/Java/JavaVirtualMachines/jdk1.8.0_65.jdk/Contents/Home/jre/lib/libawt.dylib
0x000000011df9e000 	/Library/Java/JavaVirtualMachines/jdk1.8.0_65.jdk/Contents/Home/jre/lib/./libmlib_image.dylib
0x000000011e06a000 	/Library/Java/JavaVirtualMachines/jdk1.8.0_65.jdk/Contents/Home/jre/lib/libawt_lwawt.dylib
0x000000011e11f000 	/Library/Java/JavaVirtualMachines/jdk1.8.0_65.jdk/Contents/Home/jre/lib/./libosxapp.dylib
0x0000000003a36000 	/System/Library/Frameworks/ExceptionHandling.framework/Versions/A/ExceptionHandling
0x0000000003a36000 	/System/Library/PrivateFrameworks/CoreServicesInternal.framework/Versions/A/CoreServicesInternal
0x0000000003a36000 	/System/Library/Frameworks/CoreGraphics.framework/Versions/A/Resources/libRIP.A.dylib
0x0000000003a36000 	/System/Library/Frameworks/Accelerate.framework/Versions/A/Frameworks/vImage.framework/Versions/A/Libraries/libCGInterfaces.dylib
0x0000000003a36000 	/System/Library/Frameworks/CoreGraphics.framework/Versions/A/Resources/libCGXType.A.dylib
0x0000000003a36000 	/System/Library/Frameworks/OpenCL.framework/Versions/A/Libraries/libcldcpuengine.dylib
0x0000000003a36000 	/System/Library/PrivateFrameworks/DiskImages.framework/Versions/A/DiskImages
0x0000000003a36000 	/System/Library/Frameworks/DiscRecording.framework/Versions/A/DiscRecording
0x0000000003a36000 	/usr/lib/libcsfde.dylib
0x0000000003a36000 	/usr/lib/libcurl.4.dylib
0x0000000003a36000 	/System/Library/PrivateFrameworks/MediaKit.framework/Versions/A/MediaKit
0x0000000003a36000 	/System/Library/PrivateFrameworks/ProtectedCloudStorage.framework/Versions/A/ProtectedCloudStorage
0x0000000003a36000 	/usr/lib/libCoreStorage.dylib
0x0000000003a36000 	/System/Library/PrivateFrameworks/EFILogin.framework/Versions/A/EFILogin
0x0000000003a36000 	/usr/lib/libutil.dylib
0x0000000003a36000 	/System/Library/PrivateFrameworks/FindMyDevice.framework/Versions/A/FindMyDevice
0x0000000003a36000 	/System/Library/Frameworks/LDAP.framework/Versions/A/LDAP
0x0000000003a36000 	/usr/lib/libsasl2.2.dylib
0x0000000003a36000 	/System/Library/PrivateFrameworks/CoreDaemon.framework/Versions/B/CoreDaemon
0x0000000003a36000 	/usr/lib/libcrypto.0.9.8.dylib
0x0000000003a36000 	/System/Library/PrivateFrameworks/AppleSRP.framework/Versions/A/AppleSRP
0x0000000003a36000 	/System/Library/PrivateFrameworks/TrustEvaluationAgent.framework/Versions/A/TrustEvaluationAgent
0x000000011f963000 	cl_kernels
0x0000000003a36000 	/System/Library/Frameworks/OpenCL.framework/Versions/A/Libraries/ImageFormats/unorm8_bgra.dylib
0x0000000003a36000 	/System/Library/Frameworks/OpenCL.framework/Versions/A/Libraries/ImageFormats/unorm8_rgba.dylib
0x0000000003a36000 	/System/Library/PrivateFrameworks/FamilyControls.framework/Versions/A/FamilyControls
0x0000000003a36000 	/System/Library/PrivateFrameworks/CommerceKit.framework/Versions/A/Frameworks/CommerceCore.framework/Versions/A/CommerceCore
0x0000000003a36000 	/System/Library/PrivateFrameworks/SystemAdministration.framework/Versions/A/SystemAdministration
0x0000000003a36000 	/System/Library/PrivateFrameworks/AppContainer.framework/Versions/A/AppContainer
0x0000000003a36000 	/System/Library/PrivateFrameworks/SecCodeWrapper.framework/Versions/A/SecCodeWrapper
0x0000000003a36000 	/System/Library/Frameworks/DirectoryService.framework/Versions/A/DirectoryService
0x0000000003a36000 	/System/Library/PrivateFrameworks/LoginUIKit.framework/Versions/A/Frameworks/LoginUICore.framework/Versions/A/LoginUICore
0x0000000003a36000 	/usr/lib/libodfde.dylib
0x00000001209ab000 	/Library/Java/JavaVirtualMachines/jdk1.8.0_65.jdk/Contents/Home/jre/lib/libfontmanager.dylib
0x0000000120a12000 	/Users/saimaddhi/Downloads/lwjgl-2.9.3/native/macosx/liblwjgl.dylib
0x000000011ee2f000 	/Library/Java/JavaVirtualMachines/jdk1.8.0_65.jdk/Contents/Home/jre/lib/libjawt.dylib
0x0000000003a36000 	/System/Library/Frameworks/OpenGL.framework/Versions/A/Resources/GLEngine.bundle/GLEngine
0x0000000003a36000 	/System/Library/Frameworks/OpenGL.framework/Versions/A/Libraries/libGLProgrammability.dylib
0x0000000120a94000 	/System/Library/Extensions/AppleIntelHD3000GraphicsGLDriver.bundle/Contents/MacOS/AppleIntelHD3000GraphicsGLDriver
0x0000000003a36000 	/System/Library/PrivateFrameworks/GPUSupport.framework/Versions/A/Libraries/libGPUSupport.dylib
0x0000000120f33000 	/System/Library/Extensions/AMDRadeonX3000GLDriver.bundle/Contents/MacOS/AMDRadeonX3000GLDriver
0x0000000003a36000 	/System/Library/PrivateFrameworks/GPUSupport.framework/Versions/A/Libraries/libGPUSupportMercury.dylib
0x0000000121012000 	/System/Library/Extensions/AMDRadeonX3000GLDriver.bundle/Contents/MacOS/ATIRadeonX3000SCLib.dylib
0x0000000003a36000 	/System/Library/Frameworks/OpenGL.framework/Versions/A/Resources/GLRendererFloat.bundle/GLRendererFloat

VM Arguments:
jvm_args: -Djava.library.path=/Users/saimaddhi/Downloads/lwjgl-2.9.3/native/macosx -Dfile.encoding=UTF-8 
java_command: TronGame
java_class_path (initial): /Users/saimaddhi/Desktop/Eclipse Projects/LWJGL/LightBike/bin:/Users/saimaddhi/Downloads/lwjgl-2.9.3/jar/lwjgl_util.jar:/Users/saimaddhi/Downloads/lwjgl-2.9.3/jar/lwjgl.jar:/Users/saimaddhi/Downloads/slick-util.jar
Launcher Type: SUN_STANDARD

Environment Variables:
PATH=/usr/bin:/bin:/usr/sbin:/sbin
SHELL=/bin/bash

Signal Handlers:
SIGSEGV: [libjvm.dylib+0x5a6d31], sa_mask[0]=11111111011111110111111111111111, sa_flags=SA_ONSTACK|SA_RESTART|SA_SIGINFO
SIGBUS: [libjvm.dylib+0x5a6d31], sa_mask[0]=11111111011111110111111111111111, sa_flags=SA_RESTART|SA_SIGINFO
SIGFPE: [libjvm.dylib+0x480a40], sa_mask[0]=11111111011111110111111111111111, sa_flags=SA_RESTART|SA_SIGINFO
SIGPIPE: [libjvm.dylib+0x480a40], sa_mask[0]=11111111011111110111111111111111, sa_flags=SA_RESTART|SA_SIGINFO
SIGXFSZ: [libjvm.dylib+0x480a40], sa_mask[0]=11111111011111110111111111111111, sa_flags=SA_RESTART|SA_SIGINFO
SIGILL: [libjvm.dylib+0x480a40], sa_mask[0]=11111111011111110111111111111111, sa_flags=SA_RESTART|SA_SIGINFO
SIGUSR1: SIG_DFL, sa_mask[0]=00000000000000000000000000000000, sa_flags=none
SIGUSR2: [libjvm.dylib+0x48055e], sa_mask[0]=00100000000000000000000000000000, sa_flags=SA_RESTART|SA_SIGINFO
SIGHUP: [libjvm.dylib+0x47eb35], sa_mask[0]=11111111011111110111111111111111, sa_flags=SA_RESTART|SA_SIGINFO
SIGINT: [libjvm.dylib+0x47eb35], sa_mask[0]=11111111011111110111111111111111, sa_flags=SA_RESTART|SA_SIGINFO
SIGTERM: [libjvm.dylib+0x47eb35], sa_mask[0]=11111111011111110111111111111111, sa_flags=SA_RESTART|SA_SIGINFO
SIGQUIT: [libjvm.dylib+0x47eb35], sa_mask[0]=11111111011111110111111111111111, sa_flags=SA_RESTART|SA_SIGINFO


---------------  S Y S T E M  ---------------

OS:Bsduname:Darwin 15.0.0 Darwin Kernel Version 15.0.0: Sat Sep 19 15:53:46 PDT 2015; root:xnu-3247.10.11~1/RELEASE_X86_64 x86_64
rlimit: STACK 8192k, CORE 0k, NPROC 709, NOFILE 10240, AS infinity
load average:1.15 1.39 1.43

CPU:total 8 (4 cores per cpu, 2 threads per core) family 6 model 42 stepping 7, cmov, cx8, fxsr, mmx, sse, sse2, sse3, ssse3, sse4.1, sse4.2, popcnt, avx, aes, clmul, ht, tsc, tscinvbit

Memory: 4k page, physical 8388608k(2858052k free)

/proc/meminfo:


vm_info: Java HotSpot(TM) 64-Bit Server VM (25.65-b01) for bsd-amd64 JRE (1.8.0_65-b17), built on Oct  6 2015 15:36:46 by "java_re" with gcc 4.2.1 (Based on Apple Inc. build 5658) (LLVM build 2336.11.00)

time: Tue Mar 29 13:22:53 2016
elapsed time: 7 seconds (0d 0h 0m 7s)

