#
# A fatal error has been detected by the Java Runtime Environment:
#
#  SIGSEGV (0xb) at pc=0x00007fff8c2814dd, pid=6011, tid=2571
#
# JRE version: Java(TM) SE Runtime Environment (8.0_25-b17) (build 1.8.0_25-b17)
# Java VM: Java HotSpot(TM) 64-Bit Server VM (25.25-b02 mixed mode bsd-amd64 compressed oops)
# Problematic frame:
# C  [libobjc.A.dylib+0x14dd]  objc_msgSend+0x1d
#
# Failed to write core dump. Core dumps have been disabled. To enable core dumping, try "ulimit -c unlimited" before starting Java again
#
# If you would like to submit a bug report, please visit:
#   http://bugreport.sun.com/bugreport/crash.jsp
# The crash happened outside the Java Virtual Machine in native code.
# See problematic frame for where to report the bug.
#

---------------  T H R E A D  ---------------

Current thread (0x00007fb31c924800):  JavaThread "AppKit Thread" daemon [_thread_in_native, id=2571, stack(0x00007fff52f18000,0x00007fff53718000)]

siginfo: si_signo: 11 (SIGSEGV), si_code: 1 (SEGV_MAPERR), si_addr: 0x000007fb31ae72b8

Registers:
RAX=0x00007fb31ae7fac0, RBX=0x00007fff537130d8, RCX=0x00007fb31ae33b68, RDX=0x00007fb31ac78110
RSP=0x00007fff53713098, RBP=0x00007fff537130a0, RSI=0x00007fff9364e84a, RDI=0x00007fb31ae7fac0
R8 =0x000000000000001f, R9 =0x00007fb31ae3bc10, R10=0x00007fff9364e84a, R11=0x000007fb31ae72a0
R12=0x00007fb31ac78110, R13=0x00007fb31ae3bc10, R14=0x00007fb31ae33b60, R15=0x0000000000000000
RIP=0x00007fff8c2814dd, EFLAGS=0x0000000000010206, ERR=0x0000000000000004
  TRAPNO=0x000000000000000e

Top of Stack: (sp=0x00007fff53713098)
0x00007fff53713098:   00007fff835d5bbc 00007fff537130c0
0x00007fff537130a8:   00007fff835d5b4f 0000000000000000
0x00007fff537130b8:   0000000000000000 00007fff53713130
0x00007fff537130c8:   00007fff835d5ac7 00007fff53713100
0x00007fff537130d8:   00007fff747fa0a0 0000000042000000
0x00007fff537130e8:   00007fff835d5b10 00007fff72dd0720
0x00007fff537130f8:   00007fb31ae3bc10 00007fb31ac78110
0x00007fff53713108:   00007fff537138d8 00007fff72efd780
0x00007fff53713118:   00007fff537138d8 00007fb31ae3bc10
0x00007fff53713128:   00007fff839959e2 00007fff53713170
0x00007fff53713138:   00007fff835d5832 00007fff53713750
0x00007fff53713148:   0000000000000001 00007fff72efd780
0x00007fff53713158:   00007fff537138d8 00007fff8c2814c0
0x00007fff53713168:   00007fff839959e2 00007fff53713880
0x00007fff53713178:   00007fff835925e2 00007fb31ac3ddd0
0x00007fff53713188:   ffff804ce53c2230 00007fff74983e80
0x00007fff53713198:   00007fb31ae06690 00007fb31b8050b8
0x00007fff537131a8:   00007fb31ae83230 0000000000000000
0x00007fff537131b8:   0000000000000000 0000000000000000
0x00007fff537131c8:   00007fb31ae83fc0 00007fff72e0dbc0
0x00007fff537131d8:   00007fff53713750 0000000000000002
0x00007fff537131e8:   0000000000000100 00007fff53713200
0x00007fff537131f8:   00007fff53713650 0000000000000000
0x00007fff53713208:   0000000000000100 00007fff53713200
0x00007fff53713218:   00007fff72efd780 0000000000000000
0x00007fff53713228:   00007fff72dd1500 00007fff72efd780
0x00007fff53713238:   0000000000000000 00007fff72dd1500
0x00007fff53713248:   00007fff74983e80 00007fff537132c0
0x00007fff53713258:   00007fff8c289310 0000000000000000
0x00007fff53713268:   00007fff74984f10 0000000100000000
0x00007fff53713278:   0000000000000000 ffff804ce53e9290
0x00007fff53713288:   00007fb31ad62d70 00007fb31ad62e80 

Instructions: (pc=0x00007fff8c2814dd)
0x00007fff8c2814bd:   44 00 00 48 85 ff 2e 74 62 40 f6 c7 01 2e 75 66
0x00007fff8c2814cd:   49 bb f8 ff ff ff ff 7f 00 00 4c 23 1f 49 89 f2
0x00007fff8c2814dd:   45 23 53 18 49 c1 e2 04 4d 03 53 10 49 3b 32 75
0x00007fff8c2814ed:   04 41 ff 62 08 49 83 3a 01 76 0d 49 83 c2 10 49 

Register to memory mapping:

RAX=0x00007fb31ae7fac0 is an unknown value
RBX=0x00007fff537130d8 is pointing into the stack for thread: 0x00007fb31c924800
RCX=0x00007fb31ae33b68 is an unknown value
RDX=0x00007fb31ac78110 is an unknown value
RSP=0x00007fff53713098 is pointing into the stack for thread: 0x00007fb31c924800
RBP=0x00007fff537130a0 is pointing into the stack for thread: 0x00007fb31c924800
RSI=0x00007fff9364e84a: -[NSTitlebarContainerView transparent]+0x63088 in /System/Library/Frameworks/AppKit.framework/Versions/C/AppKit at 0x00007fff92bc1000
RDI=0x00007fb31ae7fac0 is an unknown value
R8 =0x000000000000001f is an unknown value
R9 =0x00007fb31ae3bc10 is an unknown value
R10=0x00007fff9364e84a: -[NSTitlebarContainerView transparent]+0x63088 in /System/Library/Frameworks/AppKit.framework/Versions/C/AppKit at 0x00007fff92bc1000
R11=0x000007fb31ae72a0 is an unknown value
R12=0x00007fb31ac78110 is an unknown value
R13=0x00007fb31ae3bc10 is an unknown value
R14=0x00007fb31ae33b60 is an unknown value
R15=0x0000000000000000 is an unknown value


Stack: [0x00007fff52f18000,0x00007fff53718000],  sp=0x00007fff53713098,  free space=8172k
Native frames: (J=compiled Java code, j=interpreted, Vv=VM code, C=native code)
C  [libobjc.A.dylib+0x14dd]  objc_msgSend+0x1d
C  [CoreFoundation+0xa0b4f]  ___CFXRegistrationPost_block_invoke+0x3f
C  [CoreFoundation+0xa0ac7]  _CFXRegistrationPost+0x197
C  [CoreFoundation+0xa0832]  ___CFXNotificationPost_block_invoke+0x32
C  [CoreFoundation+0x5d5e2]  -[_CFXNotificationRegistrar find:object:observer:enumerator:]+0x782
C  [CoreFoundation+0x5c835]  _CFXNotificationPost+0x2b5
C  [Foundation+0x6fda]  -[NSNotificationCenter postNotificationName:object:userInfo:]+0x42
C  [AppKit+0x265372]  -[NSSurface _disposeSurface]+0xa9
C  [AppKit+0x264dcb]  -[NSSurface setWindow:]+0x42
C  [AppKit+0x28cab]  -[NSView _setWindow:]+0x9be
C  [AppKit+0x2ba97]  -[NSView removeFromSuperview]+0x1d7
C  [AppKit+0x155d7f]  -[NSView removeFromSuperviewWithoutNeedingDisplay]+0x26
C  [liblwjgl.dylib+0xa205]  +[MacOSXKeyableWindow destroyWindow]+0xb5
C  [Foundation+0x76f5e]  __NSThreadPerformPerform+0x117
C  [CoreFoundation+0xaa881]  __CFRUNLOOP_IS_CALLING_OUT_TO_A_SOURCE0_PERFORM_FUNCTION__+0x11
C  [CoreFoundation+0x89fbc]  __CFRunLoopDoSources0+0x22c
C  [CoreFoundation+0x894df]  __CFRunLoopRun+0x39f
C  [CoreFoundation+0x88ed8]  CFRunLoopRunSpecific+0x128
C  [HIToolbox+0x30935]  RunCurrentEventLoopInMode+0xeb
C  [HIToolbox+0x3076f]  ReceiveNextEventCommon+0x1b0
C  [HIToolbox+0x305af]  _BlockUntilNextEventMatchingListInModeWithFilter+0x47
C  [AppKit+0x48efa]  _DPSNextEvent+0x42b
C  [AppKit+0x4832a]  -[NSApplication _nextEventMatchingEventMask:untilDate:inMode:dequeue:]+0x1c6
C  [libosxapp.dylib+0x242a]  -[NSApplicationAWT nextEventMatchingMask:untilDate:inMode:dequeue:]+0x7c
C  [AppKit+0x3ce84]  -[NSApplication run]+0x2aa
C  [libosxapp.dylib+0x223e]  +[NSApplicationAWT runAWTLoopWithApp:]+0x9c
C  [libawt_lwawt.dylib+0x4494f]  -[AWTStarter starter:]+0x389
C  [Foundation+0x76f5e]  __NSThreadPerformPerform+0x117
C  [CoreFoundation+0xaa881]  __CFRUNLOOP_IS_CALLING_OUT_TO_A_SOURCE0_PERFORM_FUNCTION__+0x11
C  [CoreFoundation+0x89fbc]  __CFRunLoopDoSources0+0x22c
C  [CoreFoundation+0x894df]  __CFRunLoopRun+0x39f
C  [CoreFoundation+0x88ed8]  CFRunLoopRunSpecific+0x128
C  [java+0x56cc]  CreateExecutionEnvironment+0x367
C  [java+0x165c]  JLI_Launch+0x7a0
C  [java+0x768a]  main+0x65
C  [java+0xeb4]  start+0x34
C  0x0000000000000006


---------------  P R O C E S S  ---------------

Java Threads: ( => current thread )
  0x00007fb31b0df800 JavaThread "AWT-Shutdown" [_thread_blocked, id=33831, stack(0x0000700000932000,0x0000700000a32000)]
=>0x00007fb31c924800 JavaThread "AppKit Thread" daemon [_thread_in_native, id=2571, stack(0x00007fff52f18000,0x00007fff53718000)]
  0x00007fb31b051000 JavaThread "Service Thread" daemon [_thread_blocked, id=18691, stack(0x0000700000e44000,0x0000700000f44000)]
  0x00007fb31c837800 JavaThread "C1 CompilerThread2" daemon [_thread_blocked, id=18179, stack(0x0000700000d41000,0x0000700000e41000)]
  0x00007fb31c836800 JavaThread "C2 CompilerThread1" daemon [_thread_blocked, id=17667, stack(0x0000700000c3e000,0x0000700000d3e000)]
  0x00007fb31c835000 JavaThread "C2 CompilerThread0" daemon [_thread_blocked, id=17155, stack(0x0000700000b3b000,0x0000700000c3b000)]
  0x00007fb31b800000 JavaThread "Signal Dispatcher" daemon [_thread_blocked, id=16651, stack(0x0000700000a38000,0x0000700000b38000)]
  0x00007fb31c003800 JavaThread "Finalizer" daemon [_thread_blocked, id=11779, stack(0x000070000082f000,0x000070000092f000)]
  0x00007fb31c85f800 JavaThread "Reference Handler" daemon [_thread_blocked, id=11267, stack(0x000070000072c000,0x000070000082c000)]
  0x00007fb31c800800 JavaThread "main" [_thread_in_native, id=4099, stack(0x0000700000084000,0x0000700000184000)]

Other Threads:
  0x00007fb31c85b000 VMThread [stack: 0x0000700000629000,0x0000700000729000] [id=10755]
  0x00007fb31b806800 WatcherThread [stack: 0x0000700000f47000,0x0000700001047000] [id=19203]

VM state:not at safepoint (normal execution)

VM Mutex/Monitor currently owned by a thread: None

Heap:
 PSYoungGen      total 38400K, used 7347K [0x0000000795580000, 0x0000000798000000, 0x00000007c0000000)
  eden space 33280K, 22% used [0x0000000795580000,0x0000000795cacf08,0x0000000797600000)
  from space 5120K, 0% used [0x0000000797b00000,0x0000000797b00000,0x0000000798000000)
  to   space 5120K, 0% used [0x0000000797600000,0x0000000797600000,0x0000000797b00000)
 ParOldGen       total 87552K, used 0K [0x0000000740000000, 0x0000000745580000, 0x0000000795580000)
  object space 87552K, 0% used [0x0000000740000000,0x0000000740000000,0x0000000745580000)
 Metaspace       used 5795K, capacity 5917K, committed 6016K, reserved 1056768K
  class space    used 581K, capacity 629K, committed 640K, reserved 1048576K

Card table byte_map: [0x000000011cb4b000,0x000000011cf4c000] byte_map_base: 0x000000011914b000

Marking Bits: (ParMarkBitMap*) 0x000000010d000390
 Begin Bits: [0x000000011d1f7000, 0x000000011f1f7000)
 End Bits:   [0x000000011f1f7000, 0x00000001211f7000)

Polling page: 0x000000010d778000

CodeCache: size=245760Kb used=2164Kb max_used=2175Kb free=243595Kb
 bounds [0x000000010d78b000, 0x000000010d9fb000, 0x000000011c78b000]
 total_blobs=855 nmethods=512 adapters=258
 compilation: enabled

Compilation events (10 events):
Event: 31.115 Thread 0x00007fb31c837800  507       3       java.nio.Bits::putInt (20 bytes)
Event: 31.115 Thread 0x00007fb31c837800 nmethod 507 0x000000010d99e790 code [0x000000010d99e900, 0x000000010d99eaf8]
Event: 31.149 Thread 0x00007fb31c837800  509       3       sun.awt.AWTAutoShutdown::getInstance (4 bytes)
Event: 31.149 Thread 0x00007fb31c837800 nmethod 509 0x000000010d99ba10 code [0x000000010d99bb60, 0x000000010d99bc90]
Event: 31.149 Thread 0x00007fb31c837800  510   !   3       sun.awt.AWTAutoShutdown::setToolkitBusy (124 bytes)
Event: 31.149 Thread 0x00007fb31c837800 nmethod 510 0x000000010d99abd0 code [0x000000010d99ada0, 0x000000010d99b628]
Event: 31.465 Thread 0x00007fb31c837800  511       3       java.nio.HeapByteBuffer::put (16 bytes)
Event: 31.465 Thread 0x00007fb31c837800 nmethod 511 0x000000010d9a1310 code [0x000000010d9a14a0, 0x000000010d9a1848]
Event: 32.426 Thread 0x00007fb31c835000  512       4       java.nio.DirectByteBuffer::put (18 bytes)
Event: 32.426 Thread 0x00007fb31c835000 nmethod 512 0x000000010d9ab850 code [0x000000010d9ab9a0, 0x000000010d9aba38]

GC Heap History (0 events):
No events

Deoptimization events (0 events):
No events

Internal exceptions (10 events):
Event: 0.490 Thread 0x00007fb31c800800 Exception <a 'java/security/PrivilegedActionException'> (0x0000000795b89eb0) thrown at [/HUDSON3/workspace/8-2-build-macosx-x86_64/jdk8u25/1514/hotspot/src/share/vm/prims/jvm.cpp, line 1312]
Event: 0.517 Thread 0x00007fb31c800800 Exception <a 'java/security/PrivilegedActionException'> (0x0000000795b8d098) thrown at [/HUDSON3/workspace/8-2-build-macosx-x86_64/jdk8u25/1514/hotspot/src/share/vm/prims/jvm.cpp, line 1312]
Event: 0.518 Thread 0x00007fb31c800800 Exception <a 'java/security/PrivilegedActionException'> (0x0000000795b92b28) thrown at [/HUDSON3/workspace/8-2-build-macosx-x86_64/jdk8u25/1514/hotspot/src/share/vm/prims/jvm.cpp, line 1312]
Event: 0.518 Thread 0x00007fb31c800800 Exception <a 'java/security/PrivilegedActionException'> (0x0000000795b963d0) thrown at [/HUDSON3/workspace/8-2-build-macosx-x86_64/jdk8u25/1514/hotspot/src/share/vm/prims/jvm.cpp, line 1312]
Event: 0.519 Thread 0x00007fb31c800800 Exception <a 'java/security/PrivilegedActionException'> (0x0000000795b98350) thrown at [/HUDSON3/workspace/8-2-build-macosx-x86_64/jdk8u25/1514/hotspot/src/share/vm/prims/jvm.cpp, line 1312]
Event: 0.519 Thread 0x00007fb31c800800 Exception <a 'java/security/PrivilegedActionException'> (0x0000000795b9a320) thrown at [/HUDSON3/workspace/8-2-build-macosx-x86_64/jdk8u25/1514/hotspot/src/share/vm/prims/jvm.cpp, line 1312]
Event: 0.520 Thread 0x00007fb31c800800 Exception <a 'java/security/PrivilegedActionException'> (0x0000000795b9c108) thrown at [/HUDSON3/workspace/8-2-build-macosx-x86_64/jdk8u25/1514/hotspot/src/share/vm/prims/jvm.cpp, line 1312]
Event: 0.530 Thread 0x00007fb31c800800 Exception <a 'java/security/PrivilegedActionException'> (0x0000000795b9df28) thrown at [/HUDSON3/workspace/8-2-build-macosx-x86_64/jdk8u25/1514/hotspot/src/share/vm/prims/jvm.cpp, line 1312]
Event: 0.530 Thread 0x00007fb31c800800 Exception <a 'java/security/PrivilegedActionException'> (0x0000000795ba1968) thrown at [/HUDSON3/workspace/8-2-build-macosx-x86_64/jdk8u25/1514/hotspot/src/share/vm/prims/jvm.cpp, line 1312]
Event: 32.425 Thread 0x00007fb31c800800 Exception <a 'java/security/PrivilegedActionException'> (0x0000000795bfd048) thrown at [/HUDSON3/workspace/8-2-build-macosx-x86_64/jdk8u25/1514/hotspot/src/share/vm/prims/jvm.cpp, line 1312]

Events (10 events):
Event: 27.916 Thread 0x00007fb31cb14000 Thread exited: 0x00007fb31cb14000
Event: 28.024 Thread 0x00007fb31b93f000 Thread added: 0x00007fb31b93f000
Event: 29.144 Executing VM operation: RevokeBias
Event: 29.144 Executing VM operation: RevokeBias done
Event: 29.144 Thread 0x00007fb31b93f000 Thread exited: 0x00007fb31b93f000
Event: 29.440 Thread 0x00007fb31b0df800 Thread added: 0x00007fb31b0df800
Event: 29.459 Thread 0x00007fb31c800800 DEOPT PACKING pc=0x000000010d9a4351 sp=0x00007000001837c0
Event: 29.459 Thread 0x00007fb31c800800 DEOPT UNPACKING pc=0x000000010d7d2373 sp=0x0000700000183648 mode 0
Event: 32.425 loading class org/lwjgl/opengl/CallbackUtil
Event: 32.425 loading class org/lwjgl/opengl/CallbackUtil done


Dynamic libraries:
0x0000000002c49000 	/System/Library/Frameworks/Cocoa.framework/Versions/A/Cocoa
0x0000000002c49000 	/System/Library/Frameworks/Security.framework/Versions/A/Security
0x0000000002c49000 	/System/Library/Frameworks/ApplicationServices.framework/Versions/A/ApplicationServices
0x0000000002c49000 	/usr/lib/libz.1.dylib
0x0000000002c49000 	/usr/lib/libSystem.B.dylib
0x0000000002c49000 	/usr/lib/libobjc.A.dylib
0x0000000002c49000 	/System/Library/Frameworks/CoreFoundation.framework/Versions/A/CoreFoundation
0x0000000002c49000 	/System/Library/Frameworks/Foundation.framework/Versions/C/Foundation
0x0000000002c49000 	/System/Library/Frameworks/AppKit.framework/Versions/C/AppKit
0x0000000002c49000 	/System/Library/Frameworks/CoreData.framework/Versions/A/CoreData
0x0000000002c49000 	/System/Library/PrivateFrameworks/RemoteViewServices.framework/Versions/A/RemoteViewServices
0x0000000002c49000 	/System/Library/PrivateFrameworks/UIFoundation.framework/Versions/A/UIFoundation
0x0000000002c49000 	/usr/lib/libScreenReader.dylib
0x0000000002c49000 	/System/Library/Frameworks/Accelerate.framework/Versions/A/Accelerate
0x0000000002c49000 	/System/Library/Frameworks/IOSurface.framework/Versions/A/IOSurface
0x0000000002c49000 	/System/Library/Frameworks/AudioToolbox.framework/Versions/A/AudioToolbox
0x0000000002c49000 	/System/Library/Frameworks/AudioUnit.framework/Versions/A/AudioUnit
0x0000000002c49000 	/System/Library/PrivateFrameworks/DataDetectorsCore.framework/Versions/A/DataDetectorsCore
0x0000000002c49000 	/System/Library/PrivateFrameworks/DesktopServicesPriv.framework/Versions/A/DesktopServicesPriv
0x0000000002c49000 	/System/Library/Frameworks/Carbon.framework/Versions/A/Frameworks/HIToolbox.framework/Versions/A/HIToolbox
0x0000000002c49000 	/System/Library/Frameworks/QuartzCore.framework/Versions/A/QuartzCore
0x0000000002c49000 	/System/Library/Frameworks/Carbon.framework/Versions/A/Frameworks/SpeechRecognition.framework/Versions/A/SpeechRecognition
0x0000000002c49000 	/usr/lib/libauto.dylib
0x0000000002c49000 	/usr/lib/libicucore.A.dylib
0x0000000002c49000 	/usr/lib/libxml2.2.dylib
0x0000000002c49000 	/System/Library/PrivateFrameworks/CoreUI.framework/Versions/A/CoreUI
0x0000000002c49000 	/System/Library/Frameworks/CoreAudio.framework/Versions/A/CoreAudio
0x0000000002c49000 	/System/Library/Frameworks/DiskArbitration.framework/Versions/A/DiskArbitration
0x0000000002c49000 	/usr/lib/liblangid.dylib
0x0000000002c49000 	/System/Library/PrivateFrameworks/MultitouchSupport.framework/Versions/A/MultitouchSupport
0x0000000002c49000 	/System/Library/Frameworks/IOKit.framework/Versions/A/IOKit
0x0000000002c49000 	/usr/lib/libDiagnosticMessagesClient.dylib
0x0000000002c49000 	/System/Library/Frameworks/CoreServices.framework/Versions/A/CoreServices
0x0000000002c49000 	/System/Library/PrivateFrameworks/PerformanceAnalysis.framework/Versions/A/PerformanceAnalysis
0x0000000002c49000 	/System/Library/PrivateFrameworks/GenerationalStorage.framework/Versions/A/GenerationalStorage
0x0000000002c49000 	/System/Library/Frameworks/OpenGL.framework/Versions/A/OpenGL
0x0000000002c49000 	/System/Library/PrivateFrameworks/Sharing.framework/Versions/A/Sharing
0x0000000002c49000 	/System/Library/Frameworks/CoreGraphics.framework/Versions/A/CoreGraphics
0x0000000002c49000 	/System/Library/Frameworks/CoreImage.framework/Versions/A/CoreImage
0x0000000002c49000 	/System/Library/Frameworks/CoreText.framework/Versions/A/CoreText
0x0000000002c49000 	/System/Library/Frameworks/ImageIO.framework/Versions/A/ImageIO
0x0000000002c49000 	/System/Library/PrivateFrameworks/Backup.framework/Versions/A/Backup
0x0000000002c49000 	/usr/lib/libextension.dylib
0x0000000002c49000 	/usr/lib/libarchive.2.dylib
0x0000000002c49000 	/System/Library/Frameworks/CFNetwork.framework/Versions/A/CFNetwork
0x0000000002c49000 	/System/Library/Frameworks/SystemConfiguration.framework/Versions/A/SystemConfiguration
0x0000000002c49000 	/usr/lib/libCRFSuite.dylib
0x0000000002c49000 	/usr/lib/libc++.1.dylib
0x0000000002c49000 	/usr/lib/libc++abi.dylib
0x0000000002c49000 	/usr/lib/system/libcache.dylib
0x0000000002c49000 	/usr/lib/system/libcommonCrypto.dylib
0x0000000002c49000 	/usr/lib/system/libcompiler_rt.dylib
0x0000000002c49000 	/usr/lib/system/libcopyfile.dylib
0x0000000002c49000 	/usr/lib/system/libcorecrypto.dylib
0x0000000002c49000 	/usr/lib/system/libdispatch.dylib
0x0000000002c49000 	/usr/lib/system/libdyld.dylib
0x0000000002c49000 	/usr/lib/system/libkeymgr.dylib
0x0000000002c49000 	/usr/lib/system/liblaunch.dylib
0x0000000002c49000 	/usr/lib/system/libmacho.dylib
0x0000000002c49000 	/usr/lib/system/libquarantine.dylib
0x0000000002c49000 	/usr/lib/system/libremovefile.dylib
0x0000000002c49000 	/usr/lib/system/libsystem_asl.dylib
0x0000000002c49000 	/usr/lib/system/libsystem_blocks.dylib
0x0000000002c49000 	/usr/lib/system/libsystem_c.dylib
0x0000000002c49000 	/usr/lib/system/libsystem_configuration.dylib
0x0000000002c49000 	/usr/lib/system/libsystem_coreservices.dylib
0x0000000002c49000 	/usr/lib/system/libsystem_coretls.dylib
0x0000000002c49000 	/usr/lib/system/libsystem_dnssd.dylib
0x0000000002c49000 	/usr/lib/system/libsystem_info.dylib
0x0000000002c49000 	/usr/lib/system/libsystem_kernel.dylib
0x0000000002c49000 	/usr/lib/system/libsystem_m.dylib
0x0000000002c49000 	/usr/lib/system/libsystem_malloc.dylib
0x0000000002c49000 	/usr/lib/system/libsystem_network.dylib
0x0000000002c49000 	/usr/lib/system/libsystem_networkextension.dylib
0x0000000002c49000 	/usr/lib/system/libsystem_notify.dylib
0x0000000002c49000 	/usr/lib/system/libsystem_platform.dylib
0x0000000002c49000 	/usr/lib/system/libsystem_pthread.dylib
0x0000000002c49000 	/usr/lib/system/libsystem_sandbox.dylib
0x0000000002c49000 	/usr/lib/system/libsystem_secinit.dylib
0x0000000002c49000 	/usr/lib/system/libsystem_trace.dylib
0x0000000002c49000 	/usr/lib/system/libunc.dylib
0x0000000002c49000 	/usr/lib/system/libunwind.dylib
0x0000000002c49000 	/usr/lib/system/libxpc.dylib
0x0000000002c49000 	/usr/lib/libenergytrace.dylib
0x0000000002c49000 	/usr/lib/libbsm.0.dylib
0x0000000002c49000 	/usr/lib/system/libkxld.dylib
0x0000000002c49000 	/usr/lib/libxar.1.dylib
0x0000000002c49000 	/usr/lib/libsqlite3.dylib
0x0000000002c49000 	/usr/lib/libpam.2.dylib
0x0000000002c49000 	/usr/lib/libOpenScriptingUtil.dylib
0x0000000002c49000 	/usr/lib/libbz2.1.0.dylib
0x0000000002c49000 	/usr/lib/liblzma.5.dylib
0x0000000002c49000 	/System/Library/Frameworks/CoreServices.framework/Versions/A/Frameworks/FSEvents.framework/Versions/A/FSEvents
0x0000000002c49000 	/System/Library/Frameworks/CoreServices.framework/Versions/A/Frameworks/CarbonCore.framework/Versions/A/CarbonCore
0x0000000002c49000 	/System/Library/Frameworks/CoreServices.framework/Versions/A/Frameworks/Metadata.framework/Versions/A/Metadata
0x0000000002c49000 	/System/Library/Frameworks/CoreServices.framework/Versions/A/Frameworks/OSServices.framework/Versions/A/OSServices
0x0000000002c49000 	/System/Library/Frameworks/CoreServices.framework/Versions/A/Frameworks/SearchKit.framework/Versions/A/SearchKit
0x0000000002c49000 	/System/Library/Frameworks/CoreServices.framework/Versions/A/Frameworks/AE.framework/Versions/A/AE
0x0000000002c49000 	/System/Library/Frameworks/CoreServices.framework/Versions/A/Frameworks/LaunchServices.framework/Versions/A/LaunchServices
0x0000000002c49000 	/System/Library/Frameworks/CoreServices.framework/Versions/A/Frameworks/DictionaryServices.framework/Versions/A/DictionaryServices
0x0000000002c49000 	/System/Library/Frameworks/CoreServices.framework/Versions/A/Frameworks/SharedFileList.framework/Versions/A/SharedFileList
0x0000000002c49000 	/System/Library/Frameworks/NetFS.framework/Versions/A/NetFS
0x0000000002c49000 	/System/Library/PrivateFrameworks/NetAuth.framework/Versions/A/NetAuth
0x0000000002c49000 	/System/Library/PrivateFrameworks/login.framework/Versions/A/Frameworks/loginsupport.framework/Versions/A/loginsupport
0x0000000002c49000 	/System/Library/PrivateFrameworks/TCC.framework/Versions/A/TCC
0x0000000002c49000 	/usr/lib/libmecabra.dylib
0x0000000002c49000 	/System/Library/Frameworks/ApplicationServices.framework/Versions/A/Frameworks/ATS.framework/Versions/A/ATS
0x0000000002c49000 	/System/Library/Frameworks/ApplicationServices.framework/Versions/A/Frameworks/ColorSync.framework/Versions/A/ColorSync
0x0000000002c49000 	/System/Library/Frameworks/ApplicationServices.framework/Versions/A/Frameworks/HIServices.framework/Versions/A/HIServices
0x0000000002c49000 	/System/Library/Frameworks/ApplicationServices.framework/Versions/A/Frameworks/LangAnalysis.framework/Versions/A/LangAnalysis
0x0000000002c49000 	/System/Library/Frameworks/ApplicationServices.framework/Versions/A/Frameworks/PrintCore.framework/Versions/A/PrintCore
0x0000000002c49000 	/System/Library/Frameworks/ApplicationServices.framework/Versions/A/Frameworks/QD.framework/Versions/A/QD
0x0000000002c49000 	/System/Library/Frameworks/ApplicationServices.framework/Versions/A/Frameworks/SpeechSynthesis.framework/Versions/A/SpeechSynthesis
0x0000000002c49000 	/System/Library/Frameworks/Metal.framework/Versions/A/Metal
0x0000000002c49000 	/System/Library/Frameworks/Accelerate.framework/Versions/A/Frameworks/vImage.framework/Versions/A/vImage
0x0000000002c49000 	/System/Library/Frameworks/Accelerate.framework/Versions/A/Frameworks/vecLib.framework/Versions/A/vecLib
0x0000000002c49000 	/System/Library/Frameworks/Accelerate.framework/Versions/A/Frameworks/vecLib.framework/Versions/A/libvDSP.dylib
0x0000000002c49000 	/System/Library/Frameworks/Accelerate.framework/Versions/A/Frameworks/vecLib.framework/Versions/A/libvMisc.dylib
0x0000000002c49000 	/System/Library/Frameworks/Accelerate.framework/Versions/A/Frameworks/vecLib.framework/Versions/A/libLAPACK.dylib
0x0000000002c49000 	/System/Library/Frameworks/Accelerate.framework/Versions/A/Frameworks/vecLib.framework/Versions/A/libBLAS.dylib
0x0000000002c49000 	/System/Library/Frameworks/Accelerate.framework/Versions/A/Frameworks/vecLib.framework/Versions/A/libLinearAlgebra.dylib
0x0000000002c49000 	/System/Library/Frameworks/Accelerate.framework/Versions/A/Frameworks/vecLib.framework/Versions/A/libSparseBLAS.dylib
0x0000000002c49000 	/System/Library/PrivateFrameworks/GPUCompiler.framework/libmetal_timestamp.dylib
0x0000000002c49000 	/System/Library/Frameworks/OpenGL.framework/Versions/A/Libraries/libCoreFSCache.dylib
0x0000000002c49000 	/System/Library/PrivateFrameworks/IOAccelerator.framework/Versions/A/IOAccelerator
0x0000000002c49000 	/System/Library/Frameworks/ApplicationServices.framework/Versions/A/Frameworks/ATS.framework/Versions/A/Resources/libFontParser.dylib
0x0000000002c49000 	/System/Library/Frameworks/ApplicationServices.framework/Versions/A/Frameworks/ATS.framework/Versions/A/Resources/libFontRegistry.dylib
0x0000000002c49000 	/System/Library/PrivateFrameworks/AppleVPA.framework/Versions/A/AppleVPA
0x0000000002c49000 	/System/Library/PrivateFrameworks/AppleJPEG.framework/Versions/A/AppleJPEG
0x0000000002c49000 	/System/Library/Frameworks/ImageIO.framework/Versions/A/Resources/libJPEG.dylib
0x0000000002c49000 	/System/Library/Frameworks/ImageIO.framework/Versions/A/Resources/libTIFF.dylib
0x0000000002c49000 	/System/Library/Frameworks/ImageIO.framework/Versions/A/Resources/libPng.dylib
0x0000000002c49000 	/System/Library/Frameworks/ImageIO.framework/Versions/A/Resources/libGIF.dylib
0x0000000002c49000 	/System/Library/Frameworks/ImageIO.framework/Versions/A/Resources/libJP2.dylib
0x0000000002c49000 	/System/Library/Frameworks/ImageIO.framework/Versions/A/Resources/libRadiance.dylib
0x0000000002c49000 	/System/Library/Frameworks/CoreVideo.framework/Versions/A/CoreVideo
0x0000000002c49000 	/System/Library/Frameworks/OpenGL.framework/Versions/A/Libraries/libGLU.dylib
0x0000000002c49000 	/System/Library/Frameworks/OpenGL.framework/Versions/A/Libraries/libGFXShared.dylib
0x0000000002c49000 	/System/Library/Frameworks/OpenGL.framework/Versions/A/Libraries/libGL.dylib
0x0000000002c49000 	/System/Library/Frameworks/OpenGL.framework/Versions/A/Libraries/libGLImage.dylib
0x0000000002c49000 	/System/Library/Frameworks/OpenGL.framework/Versions/A/Libraries/libCVMSPluginSupport.dylib
0x0000000002c49000 	/System/Library/Frameworks/OpenGL.framework/Versions/A/Libraries/libCoreVMClient.dylib
0x0000000002c49000 	/usr/lib/libcups.2.dylib
0x0000000002c49000 	/System/Library/Frameworks/Kerberos.framework/Versions/A/Kerberos
0x0000000002c49000 	/System/Library/Frameworks/GSS.framework/Versions/A/GSS
0x0000000002c49000 	/usr/lib/libresolv.9.dylib
0x0000000002c49000 	/usr/lib/libiconv.2.dylib
0x0000000002c49000 	/System/Library/PrivateFrameworks/Heimdal.framework/Versions/A/Heimdal
0x0000000002c49000 	/usr/lib/libheimdal-asn1.dylib
0x0000000002c49000 	/System/Library/Frameworks/OpenDirectory.framework/Versions/A/OpenDirectory
0x0000000002c49000 	/System/Library/PrivateFrameworks/CommonAuth.framework/Versions/A/CommonAuth
0x0000000002c49000 	/System/Library/Frameworks/OpenDirectory.framework/Versions/A/Frameworks/CFOpenDirectory.framework/Versions/A/CFOpenDirectory
0x0000000002c49000 	/System/Library/Frameworks/SecurityFoundation.framework/Versions/A/SecurityFoundation
0x0000000002c49000 	/System/Library/PrivateFrameworks/LanguageModeling.framework/Versions/A/LanguageModeling
0x0000000002c49000 	/usr/lib/libmarisa.dylib
0x0000000002c49000 	/usr/lib/libChineseTokenizer.dylib
0x0000000002c49000 	/usr/lib/libcmph.dylib
0x0000000002c49000 	/usr/lib/libcompression.dylib
0x0000000002c49000 	/System/Library/Frameworks/ServiceManagement.framework/Versions/A/ServiceManagement
0x0000000002c49000 	/usr/lib/libxslt.1.dylib
0x0000000002c49000 	/System/Library/Frameworks/Carbon.framework/Versions/A/Frameworks/Ink.framework/Versions/A/Ink
0x0000000002c49000 	/usr/lib/libFosl_dynamic.dylib
0x0000000002c49000 	/System/Library/PrivateFrameworks/FaceCore.framework/Versions/A/FaceCore
0x0000000002c49000 	/System/Library/Frameworks/OpenCL.framework/Versions/A/OpenCL
0x0000000002c49000 	/System/Library/PrivateFrameworks/CrashReporterSupport.framework/Versions/A/CrashReporterSupport
0x0000000002c49000 	/System/Library/PrivateFrameworks/IconServices.framework/Versions/A/IconServices
0x0000000002c49000 	/System/Library/PrivateFrameworks/Apple80211.framework/Versions/A/Apple80211
0x0000000002c49000 	/System/Library/Frameworks/CoreWLAN.framework/Versions/A/CoreWLAN
0x0000000002c49000 	/System/Library/Frameworks/IOBluetooth.framework/Versions/A/IOBluetooth
0x0000000002c49000 	/System/Library/PrivateFrameworks/CoreWiFi.framework/Versions/A/CoreWiFi
0x0000000002c49000 	/System/Library/Frameworks/CoreBluetooth.framework/Versions/A/CoreBluetooth
0x0000000002c49000 	/System/Library/PrivateFrameworks/ChunkingLibrary.framework/Versions/A/ChunkingLibrary
0x0000000002c49000 	/System/Library/PrivateFrameworks/DebugSymbols.framework/Versions/A/DebugSymbols
0x0000000002c49000 	/System/Library/PrivateFrameworks/CoreSymbolication.framework/Versions/A/CoreSymbolication
0x0000000002c49000 	/System/Library/PrivateFrameworks/Symbolication.framework/Versions/A/Symbolication
0x0000000002c49000 	/System/Library/PrivateFrameworks/SpeechRecognitionCore.framework/Versions/A/SpeechRecognitionCore
0x000000010c763000 	/Library/Java/JavaVirtualMachines/jdk1.8.0_25.jdk/Contents/Home/jre/lib/server/libjvm.dylib
0x000000010d67f000 	/usr/lib/libstdc++.6.dylib
0x000000010d736000 	/Library/Java/JavaVirtualMachines/jdk1.8.0_25.jdk/Contents/Home/jre/lib/libverify.dylib
0x000000010d744000 	/Library/Java/JavaVirtualMachines/jdk1.8.0_25.jdk/Contents/Home/jre/lib/libjava.dylib
0x000000010d782000 	/Library/Java/JavaVirtualMachines/jdk1.8.0_25.jdk/Contents/Home/jre/lib/libzip.dylib
0x0000000123901000 	/System/Library/Frameworks/JavaVM.framework/Frameworks/JavaRuntimeSupport.framework/JavaRuntimeSupport
0x000000012391c000 	/System/Library/Frameworks/JavaVM.framework/Versions/A/Frameworks/JavaNativeFoundation.framework/Versions/A/JavaNativeFoundation
0x0000000121fee000 	/System/Library/Frameworks/JavaVM.framework/Versions/A/JavaVM
0x0000000002c49000 	/System/Library/Frameworks/Carbon.framework/Versions/A/Carbon
0x0000000123931000 	/System/Library/PrivateFrameworks/JavaLaunching.framework/Versions/A/JavaLaunching
0x0000000002c49000 	/System/Library/Frameworks/Carbon.framework/Versions/A/Frameworks/CommonPanels.framework/Versions/A/CommonPanels
0x0000000002c49000 	/System/Library/Frameworks/Carbon.framework/Versions/A/Frameworks/Help.framework/Versions/A/Help
0x0000000002c49000 	/System/Library/Frameworks/Carbon.framework/Versions/A/Frameworks/ImageCapture.framework/Versions/A/ImageCapture
0x0000000002c49000 	/System/Library/Frameworks/Carbon.framework/Versions/A/Frameworks/OpenScripting.framework/Versions/A/OpenScripting
0x0000000002c49000 	/System/Library/Frameworks/Carbon.framework/Versions/A/Frameworks/Print.framework/Versions/A/Print
0x0000000002c49000 	/System/Library/Frameworks/Carbon.framework/Versions/A/Frameworks/SecurityHI.framework/Versions/A/SecurityHI
0x0000000125264000 	/Library/Java/JavaVirtualMachines/jdk1.8.0_25.jdk/Contents/Home/jre/lib/libawt.dylib
0x0000000125313000 	/Library/Java/JavaVirtualMachines/jdk1.8.0_25.jdk/Contents/Home/jre/lib/./libmlib_image.dylib
0x00000001253df000 	/Library/Java/JavaVirtualMachines/jdk1.8.0_25.jdk/Contents/Home/jre/lib/libawt_lwawt.dylib
0x0000000125492000 	/Library/Java/JavaVirtualMachines/jdk1.8.0_25.jdk/Contents/Home/jre/lib/./libosxapp.dylib
0x0000000002c49000 	/System/Library/Frameworks/ExceptionHandling.framework/Versions/A/ExceptionHandling
0x0000000002c49000 	/System/Library/PrivateFrameworks/CoreServicesInternal.framework/Versions/A/CoreServicesInternal
0x0000000002c49000 	/System/Library/Frameworks/CoreGraphics.framework/Versions/A/Resources/libRIP.A.dylib
0x0000000125c57000 	/System/Library/Frameworks/Accelerate.framework/Frameworks/vImage.framework/Versions/A/Libraries/libCGInterfaces.dylib
0x0000000002c49000 	/System/Library/Frameworks/CoreGraphics.framework/Versions/A/Resources/libCGXType.A.dylib
0x0000000002c49000 	/System/Library/Frameworks/OpenCL.framework/Versions/A/Libraries/libcldcpuengine.dylib
0x0000000002c49000 	/System/Library/PrivateFrameworks/DiskImages.framework/Versions/A/DiskImages
0x0000000002c49000 	/System/Library/Frameworks/DiscRecording.framework/Versions/A/DiscRecording
0x0000000002c49000 	/usr/lib/libcsfde.dylib
0x0000000002c49000 	/usr/lib/libcurl.4.dylib
0x0000000002c49000 	/System/Library/PrivateFrameworks/MediaKit.framework/Versions/A/MediaKit
0x0000000002c49000 	/System/Library/PrivateFrameworks/ProtectedCloudStorage.framework/Versions/A/ProtectedCloudStorage
0x0000000002c49000 	/usr/lib/libCoreStorage.dylib
0x0000000002c49000 	/System/Library/PrivateFrameworks/EFILogin.framework/Versions/A/EFILogin
0x0000000002c49000 	/usr/lib/libutil.dylib
0x0000000002c49000 	/System/Library/PrivateFrameworks/FindMyDevice.framework/Versions/A/FindMyDevice
0x0000000002c49000 	/System/Library/Frameworks/LDAP.framework/Versions/A/LDAP
0x0000000002c49000 	/usr/lib/libsasl2.2.dylib
0x0000000002c49000 	/System/Library/PrivateFrameworks/CoreDaemon.framework/Versions/B/CoreDaemon
0x0000000002c49000 	/usr/lib/libcrypto.0.9.8.dylib
0x0000000002c49000 	/System/Library/PrivateFrameworks/AppleSRP.framework/Versions/A/AppleSRP
0x0000000002c49000 	/System/Library/PrivateFrameworks/TrustEvaluationAgent.framework/Versions/A/TrustEvaluationAgent
0x0000000125e65000 	cl_kernels
0x0000000002c49000 	/System/Library/Frameworks/OpenCL.framework/Versions/A/Libraries/ImageFormats/unorm8_bgra.dylib
0x0000000002c49000 	/System/Library/Frameworks/OpenCL.framework/Versions/A/Libraries/ImageFormats/unorm8_rgba.dylib
0x0000000002c49000 	/System/Library/PrivateFrameworks/FamilyControls.framework/Versions/A/FamilyControls
0x0000000002c49000 	/System/Library/PrivateFrameworks/CommerceKit.framework/Versions/A/Frameworks/CommerceCore.framework/Versions/A/CommerceCore
0x0000000002c49000 	/System/Library/PrivateFrameworks/SystemAdministration.framework/Versions/A/SystemAdministration
0x0000000002c49000 	/System/Library/PrivateFrameworks/AppContainer.framework/Versions/A/AppContainer
0x0000000002c49000 	/System/Library/PrivateFrameworks/SecCodeWrapper.framework/Versions/A/SecCodeWrapper
0x0000000002c49000 	/System/Library/Frameworks/DirectoryService.framework/Versions/A/DirectoryService
0x0000000002c49000 	/System/Library/PrivateFrameworks/LoginUIKit.framework/Versions/A/Frameworks/LoginUICore.framework/Versions/A/LoginUICore
0x0000000002c49000 	/usr/lib/libodfde.dylib
0x0000000127ca6000 	/Library/Java/JavaVirtualMachines/jdk1.8.0_25.jdk/Contents/Home/jre/lib/libfontmanager.dylib
0x0000000127d0d000 	/Volumes/SAI/APCompSai/LightBike/res/native/macosx/liblwjgl.dylib
0x0000000126202000 	/Library/Java/JavaVirtualMachines/jdk1.8.0_25.jdk/Contents/Home/jre/lib/libjawt.dylib
0x0000000127d8f000 	/System/Library/Frameworks/OpenGL.framework/Resources/GLEngine.bundle/GLEngine
0x0000000002c49000 	/System/Library/Frameworks/OpenGL.framework/Versions/A/Libraries/libGLProgrammability.dylib
0x0000000002c49000 	/System/Library/Extensions/GeForceGLDriver.bundle/Contents/MacOS/GeForceGLDriver
0x0000000002c49000 	/System/Library/Extensions/GeForceGLDriver.bundle/Contents/MacOS/libclh.dylib
0x0000000002c49000 	/System/Library/PrivateFrameworks/GPUSupport.framework/Versions/A/Libraries/libGPUSupportMercury.dylib
0x0000000127f77000 	/System/Library/Frameworks/OpenGL.framework/Resources//GLRendererFloat.bundle/GLRendererFloat

VM Arguments:
jvm_args: -Djava.library.path=/Volumes/SAI/APCompSai/LightBike/res/native/macosx -Dfile.encoding=UTF-8 
java_command: TronGame
java_class_path (initial): /Volumes/SAI/APCompSai/LightBike/bin:/Volumes/SAI/APCompSai/LightBike/res/jar/lwjgl_util.jar:/Volumes/SAI/APCompSai/LightBike/res/jar/lwjgl.jar:/Volumes/SAI/APCompSai/LightBike/res/jar/slick-util.jar
Launcher Type: SUN_STANDARD

Environment Variables:
PATH=/usr/bin:/bin:/usr/sbin:/sbin
SHELL=/bin/bash

Signal Handlers:
SIGSEGV: [libjvm.dylib+0x579dc7], sa_mask[0]=11111111011111110111111111111111, sa_flags=SA_ONSTACK|SA_RESTART|SA_SIGINFO
SIGBUS: [libjvm.dylib+0x579dc7], sa_mask[0]=11111111011111110111111111111111, sa_flags=SA_RESTART|SA_SIGINFO
SIGFPE: [libjvm.dylib+0x45b030], sa_mask[0]=11111111011111110111111111111111, sa_flags=SA_RESTART|SA_SIGINFO
SIGPIPE: [libjvm.dylib+0x45b030], sa_mask[0]=11111111011111110111111111111111, sa_flags=SA_RESTART|SA_SIGINFO
SIGXFSZ: [libjvm.dylib+0x45b030], sa_mask[0]=11111111011111110111111111111111, sa_flags=SA_RESTART|SA_SIGINFO
SIGILL: [libjvm.dylib+0x45b030], sa_mask[0]=11111111011111110111111111111111, sa_flags=SA_RESTART|SA_SIGINFO
SIGUSR1: SIG_DFL, sa_mask[0]=00000000000000000000000000000000, sa_flags=none
SIGUSR2: [libjvm.dylib+0x45ab4e], sa_mask[0]=00100000000000000000000000000000, sa_flags=SA_RESTART|SA_SIGINFO
SIGHUP: [libjvm.dylib+0x459121], sa_mask[0]=11111111011111110111111111111111, sa_flags=SA_RESTART|SA_SIGINFO
SIGINT: [libjvm.dylib+0x459121], sa_mask[0]=11111111011111110111111111111111, sa_flags=SA_RESTART|SA_SIGINFO
SIGTERM: [libjvm.dylib+0x459121], sa_mask[0]=11111111011111110111111111111111, sa_flags=SA_RESTART|SA_SIGINFO
SIGQUIT: [libjvm.dylib+0x459121], sa_mask[0]=11111111011111110111111111111111, sa_flags=SA_RESTART|SA_SIGINFO


---------------  S Y S T E M  ---------------

OS:Bsduname:Darwin 15.4.0 Darwin Kernel Version 15.4.0: Fri Feb 26 22:08:05 PST 2016; root:xnu-3248.40.184~3/RELEASE_X86_64 x86_64
rlimit: STACK 8192k, CORE 0k, NPROC 709, NOFILE 10240, AS infinity
load average:7.08 3.00 1.99

CPU:total 4 (4 cores per cpu, 1 threads per core) family 6 model 58 stepping 9, cmov, cx8, fxsr, mmx, sse, sse2, sse3, ssse3, sse4.1, sse4.2, popcnt, avx, aes, clmul, erms, tsc, tscinvbit, tscinv

Memory: 4k page, physical 8388608k(2017584k free)

/proc/meminfo:


vm_info: Java HotSpot(TM) 64-Bit Server VM (25.25-b02) for bsd-amd64 JRE (1.8.0_25-b17), built on Sep 17 2014 16:56:50 by "java_re" with gcc 4.2.1 (Based on Apple Inc. build 5658) (LLVM build 2336.11.00)

time: Thu Apr  7 16:53:22 2016
elapsed time: 32 seconds (0d 0h 0m 32s)

