#
# A fatal error has been detected by the Java Runtime Environment:
#
#  SIGSEGV (0xb) at pc=0x00007fff9a99a8e2, pid=536, tid=2571
#
# JRE version: Java(TM) SE Runtime Environment (8.0_65-b17) (build 1.8.0_65-b17)
# Java VM: Java HotSpot(TM) 64-Bit Server VM (25.65-b01 mixed mode bsd-amd64 compressed oops)
# Problematic frame:
# C  [libGPUSupportMercury.dylib+0xa8e2]  gldAttachDrawable+0x60
#
# Failed to write core dump. Core dumps have been disabled. To enable core dumping, try "ulimit -c unlimited" before starting Java again
#
# If you would like to submit a bug report, please visit:
#   http://bugreport.java.com/bugreport/crash.jsp
# The crash happened outside the Java Virtual Machine in native code.
# See problematic frame for where to report the bug.
#

---------------  T H R E A D  ---------------

Current thread (0x00007fd392174800):  JavaThread "AppKit Thread" daemon [_thread_in_native, id=2571, stack(0x00007fff52c3c000,0x00007fff5343c000)]

siginfo: si_signo: 11 (SIGSEGV), si_code: 0 (unknown), si_addr: 0x0000000000000000

Registers:
RAX=0xc000000000000000, RBX=0x000000000000271e, RCX=0x0000000000000000, RDX=0x00007fd393b2bba8
RSP=0x00007fff53437290, RBP=0x00007fff53437390, RSI=0x0000000000000050, RDI=0x8200c376ce2706c0
R8 =0x00007fd397009e60, R9 =0x00007fd396800600, R10=0x000000000000003c, R11=0x0000000000000206
R12=0x0000000000002718, R13=0x00007fd395117e00, R14=0x0000000000000050, R15=0x0000000000000000
RIP=0x00007fff9a99a8e2, EFLAGS=0x0000000000010212, ERR=0x0000000000000000
  TRAPNO=0x000000000000000d

Top of Stack: (sp=0x00007fff53437290)
0x00007fff53437290:   0000000034ca9761 00007fd391f66a80
0x00007fff534372a0:   00007fff534372e0 00007fff8f761bc0
0x00007fff534372b0:   0000000000000000 4036000000000000
0x00007fff534372c0:   4093880000000000 c000000000000000
0x00007fff534372d0:   34ca976134ca9761 00007fff53437428
0x00007fff534372e0:   00007fff534373d0 00007fff8f77123e
0x00007fff534372f0:   0000000000000000 4036000000000000
0x00007fff53437300:   4093880000000000 408d480000000000
0x00007fff53437310:   7ff0000000000000 7ff0000000000000
0x00007fff53437320:   0000000000000000 0000000000000000
0x00007fff53437330:   00007fff53437408 00013477000003e8
0x00007fff53437340:   34ca97610000009f 7ff0000000000000
0x00007fff53437350:   7ff0000000000000 0000000000000000
0x00007fff53437360:   8200c376ce2706c0 00007fd397000000
0x00007fff53437370:   0000000000002718 0000000000000000
0x00007fff53437380:   0000000000000050 0000000000000000
0x00007fff53437390:   00007fff534373f0 00007fff84914553
0x00007fff534373a0:   0000000000000000 0000000000000000
0x00007fff534373b0:   00007fd397009e60 0000000000000000
0x00007fff534373c0:   00007fd393b2bba8 00007fd3939312d0
0x00007fff534373d0:   0000000000000000 00007fd395111750
0x00007fff534373e0:   00007fd39510f800 8200c376ce2706c0
0x00007fff534373f0:   00007fff534374e0 00007fff9096e844
0x00007fff53437400:   4090680000000000 406ae00000000000
0x00007fff53437410:   4041000000000000 4093880000000000
0x00007fff53437420:   408df80000000000 0000000000000000
0x00007fff53437430:   4036000000000000 4093880000000000
0x00007fff53437440:   408d480000000000 0000000000000002
0x00007fff53437450:   0000000000000000 0000000000000004
0x00007fff53437460:   00007fd393b2bba8 0000000000000004
0x00007fff53437470:   00007fff534374e0 00007fff909735da
0x00007fff53437480:   0000000000000003 0000000400000001 

Instructions: (pc=0x00007fff9a99a8e2)
0x00007fff9a99a8c2:   48 85 d2 b8 01 00 00 00 bb 15 27 00 00 0f 44 d8
0x00007fff9a99a8d2:   e9 29 03 00 00 49 8b 45 08 48 89 85 38 ff ff ff
0x00007fff9a99a8e2:   48 8b 00 48 89 85 30 ff ff ff 83 fe 4f 0f 8f 03
0x00007fff9a99a8f2:   01 00 00 48 89 d0 bb 15 27 00 00 83 fe 35 0f 84 

Register to memory mapping:

RAX=0xc000000000000000 is an unknown value
RBX=0x000000000000271e is an unknown value
RCX=0x0000000000000000 is an unknown value
RDX=0x00007fd393b2bba8 is an unknown value
RSP=0x00007fff53437290 is pointing into the stack for thread: 0x00007fd392174800
RBP=0x00007fff53437390 is pointing into the stack for thread: 0x00007fd392174800
RSI=0x0000000000000050 is an unknown value
RDI=0x8200c376ce2706c0 is an unknown value
R8 =0x00007fd397009e60 is an unknown value
R9 =0x00007fd396800600 is an unknown value
R10=0x000000000000003c is an unknown value
R11=0x0000000000000206 is an unknown value
R12=0x0000000000002718 is an unknown value
R13=0x00007fd395117e00 is an unknown value
R14=0x0000000000000050 is an unknown value
R15=0x0000000000000000 is an unknown value


Stack: [0x00007fff52c3c000,0x00007fff5343c000],  sp=0x00007fff53437290,  free space=8172k
Native frames: (J=compiled Java code, j=interpreted, Vv=VM code, C=native code)
C  [libGPUSupportMercury.dylib+0xa8e2]  gldAttachDrawable+0x60
C  [GLEngine+0x16553]  gliAttachDrawableWithOptions+0x108
C  [OpenGL+0x3844]  glcGetIOAccelService+0xe35
C  [OpenGL+0x7370]  CGLSetPBuffer+0xb38
C  [OpenGL+0x7695]  CGLSetSurface+0x124
C  [AppKit+0x35abb8]  NSOpenGLContextAttachOnScreenViewSurface+0x109
C  [AppKit+0x681633]  __27-[NSOpenGLContext setView:]_block_invoke+0xc0
C  [AppKit+0x183f05]  NSPerformVisuallyAtomicChange+0x93
C  [AppKit+0x34792d]  -[NSOpenGLContext setView:]+0x77
C  [liblwjgl.dylib+0xa586]  -[MacOSXOpenGLView lockFocus]+0x76
C  [AppKit+0x1a967f]  -[NSView _recursiveDisplayRectIfNeededIgnoringOpacity:isVisibleRect:rectIsVisibleRectForView:topView:]+0x6e2
C  [AppKit+0x1aa66d]  -[NSView _recursiveDisplayRectIfNeededIgnoringOpacity:isVisibleRect:rectIsVisibleRectForView:topView:]+0x16d0
C  [AppKit+0x1a8ac8]  -[NSThemeFrame _recursiveDisplayRectIfNeededIgnoringOpacity:isVisibleRect:rectIsVisibleRectForView:topView:]+0x14e
C  [AppKit+0x1a6ed3]  -[NSView _displayRectIgnoringOpacity:isVisibleRect:rectIsVisibleRectForView:]+0x991
C  [AppKit+0x1a22e1]  -[NSView displayIfNeeded]+0x79e
C  [AppKit+0x1a1b28]  -[NSWindow displayIfNeeded]+0xe8
C  [AppKit+0x8200be]  ___NSWindowGetDisplayCycleObserver_block_invoke6323+0x1dc
C  [AppKit+0x1a14c3]  __37+[NSDisplayCycle currentDisplayCycle]_block_invoke+0x2e2
C  [QuartzCore+0x117d1]  _ZN2CA11Transaction19run_commit_handlersE18CATransactionPhase+0x55
C  [QuartzCore+0x10c8c]  _ZN2CA7Context18commit_transactionEPNS_11TransactionE+0xa0
C  [QuartzCore+0x1094c]  _ZN2CA11Transaction6commitEv+0x1fc
C  [QuartzCore+0x1c13b]  _ZN2CA11Transaction17observer_callbackEP19__CFRunLoopObservermPv+0x47
C  [CoreFoundation+0xaa097]  __CFRUNLOOP_IS_CALLING_OUT_TO_AN_OBSERVER_CALLBACK_FUNCTION__+0x17
C  [CoreFoundation+0xaa007]  __CFRunLoopDoObservers+0x187
C  [CoreFoundation+0x88fe8]  CFRunLoopRunSpecific+0x148
C  [HIToolbox+0x30d55]  RunCurrentEventLoopInMode+0xeb
C  [HIToolbox+0x30a97]  ReceiveNextEventCommon+0xb8
C  [HIToolbox+0x309cf]  _BlockUntilNextEventMatchingListInModeWithFilter+0x47
C  [AppKit+0x49d96]  _DPSNextEvent+0x42b
C  [AppKit+0x491c5]  -[NSApplication _nextEventMatchingEventMask:untilDate:inMode:dequeue:]+0x1c6
C  [libosxapp.dylib+0x23aa]  -[NSApplicationAWT nextEventMatchingMask:untilDate:inMode:dequeue:]+0x7c
C  [AppKit+0x3dd28]  -[NSApplication run]+0x2aa
C  [libosxapp.dylib+0x214d]  +[NSApplicationAWT runAWTLoopWithApp:]+0x9c
C  [libawt_lwawt.dylib+0x44517]  -[AWTStarter starter:]+0x389
C  [Foundation+0x7741e]  __NSThreadPerformPerform+0x117
C  [CoreFoundation+0xaa8b1]  __CFRUNLOOP_IS_CALLING_OUT_TO_A_SOURCE0_PERFORM_FUNCTION__+0x11
C  [CoreFoundation+0x8a0ac]  __CFRunLoopDoSources0+0x22c
C  [CoreFoundation+0x895cf]  __CFRunLoopRun+0x39f
C  [CoreFoundation+0x88fc8]  CFRunLoopRunSpecific+0x128
C  [java+0x6463]  CreateExecutionEnvironment+0x367
C  [java+0x21ac]  JLI_Launch+0x7a0
C  [java+0x84c0]  main+0x65
C  [java+0x1a04]  start+0x34
C  0x0000000000000006


---------------  P R O C E S S  ---------------

Java Threads: ( => current thread )
  0x00007fd396060000 JavaThread "AWT-Shutdown" [_thread_blocked, id=31763, stack(0x000070000165f000,0x000070000175f000)]
=>0x00007fd392174800 JavaThread "AppKit Thread" daemon [_thread_in_native, id=2571, stack(0x00007fff52c3c000,0x00007fff5343c000)]
  0x00007fd395811800 JavaThread "Service Thread" daemon [_thread_blocked, id=21251, stack(0x0000700001353000,0x0000700001453000)]
  0x00007fd396007000 JavaThread "C1 CompilerThread3" daemon [_thread_blocked, id=20739, stack(0x0000700001250000,0x0000700001350000)]
  0x00007fd394001000 JavaThread "C2 CompilerThread2" daemon [_thread_blocked, id=20227, stack(0x000070000114d000,0x000070000124d000)]
  0x00007fd393007000 JavaThread "C2 CompilerThread1" daemon [_thread_blocked, id=19715, stack(0x000070000104a000,0x000070000114a000)]
  0x00007fd395806800 JavaThread "C2 CompilerThread0" daemon [_thread_blocked, id=19203, stack(0x0000700000f47000,0x0000700001047000)]
  0x00007fd395800000 JavaThread "Signal Dispatcher" daemon [_thread_blocked, id=14863, stack(0x0000700000e44000,0x0000700000f44000)]
  0x00007fd392035800 JavaThread "Finalizer" daemon [_thread_blocked, id=14339, stack(0x0000700000c3b000,0x0000700000d3b000)]
  0x00007fd392035000 JavaThread "Reference Handler" daemon [_thread_blocked, id=13827, stack(0x0000700000b38000,0x0000700000c38000)]
  0x00007fd394003000 JavaThread "main" [_thread_in_native, id=5891, stack(0x000070000011a000,0x000070000021a000)]

Other Threads:
  0x00007fd392032000 VMThread [stack: 0x0000700000a35000,0x0000700000b35000] [id=13315]
  0x00007fd395803800 WatcherThread [stack: 0x0000700001456000,0x0000700001556000] [id=21763]

VM state:not at safepoint (normal execution)

VM Mutex/Monitor currently owned by a thread: None

Heap:
 PSYoungGen      total 38400K, used 8076K [0x0000000795580000, 0x0000000798000000, 0x00000007c0000000)
  eden space 33280K, 24% used [0x0000000795580000,0x0000000795d63138,0x0000000797600000)
  from space 5120K, 0% used [0x0000000797b00000,0x0000000797b00000,0x0000000798000000)
  to   space 5120K, 0% used [0x0000000797600000,0x0000000797600000,0x0000000797b00000)
 ParOldGen       total 87552K, used 0K [0x0000000740000000, 0x0000000745580000, 0x0000000795580000)
  object space 87552K, 0% used [0x0000000740000000,0x0000000740000000,0x0000000745580000)
 Metaspace       used 5896K, capacity 6051K, committed 6400K, reserved 1056768K
  class space    used 590K, capacity 664K, committed 768K, reserved 1048576K

Card table byte_map: [0x000000011df49000,0x000000011e34a000] byte_map_base: 0x000000011a549000

Marking Bits: (ParMarkBitMap*) 0x000000010e4dee20
 Begin Bits: [0x000000011e5f5000, 0x00000001205f5000)
 End Bits:   [0x00000001205f5000, 0x00000001225f5000)

Polling page: 0x000000010ca87000

CodeCache: size=245760Kb used=2247Kb max_used=2259Kb free=243512Kb
 bounds [0x000000010eb89000, 0x000000010edf9000, 0x000000011db89000]
 total_blobs=890 nmethods=548 adapters=256
 compilation: enabled

Compilation events (10 events):
Event: 7.776 Thread 0x00007fd396007000  541       3       java.util.IdentityHashMap::isEmpty (13 bytes)
Event: 7.776 Thread 0x00007fd396007000 nmethod 541 0x000000010edb8c10 code [0x000000010edb8d80, 0x000000010edb8f30]
Event: 7.776 Thread 0x00007fd396007000  542       3       java.util.HashSet::isEmpty (8 bytes)
Event: 7.776 Thread 0x00007fd396007000 nmethod 542 0x000000010edb8f90 code [0x000000010edb9100, 0x000000010edb9390]
Event: 7.818 Thread 0x00007fd396007000  543       3       java.nio.Buffer::nextPutIndex (38 bytes)
Event: 7.818 Thread 0x00007fd396007000 nmethod 543 0x000000010edb9450 code [0x000000010edb95c0, 0x000000010edb97e8]
Event: 8.701 Thread 0x00007fd396007000  544       3       java.nio.HeapByteBuffer::putInt (20 bytes)
Event: 8.701 Thread 0x00007fd396007000 nmethod 544 0x000000010edb98d0 code [0x000000010edb9a60, 0x000000010edb9e28]
Event: 8.701 Thread 0x00007fd396007000  545       3       java.nio.Bits::putInt (20 bytes)
Event: 8.702 Thread 0x00007fd396007000 nmethod 545 0x000000010edb9f90 code [0x000000010edba100, 0x000000010edba2f8]

GC Heap History (0 events):
No events

Deoptimization events (2 events):
Event: 1.079 Thread 0x00007fd394003000 Uncommon trap: reason=unstable_if action=reinterpret pc=0x000000010ed26c1c method=java.lang.String.replace(CC)Ljava/lang/String; @ 26
Event: 6.036 Thread 0x00007fd394003000 Uncommon trap: reason=unstable_if action=reinterpret pc=0x000000010ed98740 method=java.awt.geom.Rectangle2D.intersects(DDDD)Z @ 76

Internal exceptions (10 events):
Event: 0.102 Thread 0x00007fd394003000 Exception <a 'java/security/PrivilegedActionException'> (0x0000000795784f60) thrown at [/Users/java_re/workspace/8-2-build-macosx-x86_64/jdk8u65/4987/hotspot/src/share/vm/prims/jvm.cpp, line 1386]
Event: 0.102 Thread 0x00007fd394003000 Exception <a 'java/security/PrivilegedActionException'> (0x0000000795785170) thrown at [/Users/java_re/workspace/8-2-build-macosx-x86_64/jdk8u65/4987/hotspot/src/share/vm/prims/jvm.cpp, line 1386]
Event: 0.137 Thread 0x00007fd394003000 Exception <a 'java/security/PrivilegedActionException'> (0x0000000795835f08) thrown at [/Users/java_re/workspace/8-2-build-macosx-x86_64/jdk8u65/4987/hotspot/src/share/vm/prims/jvm.cpp, line 1386]
Event: 0.137 Thread 0x00007fd394003000 Exception <a 'java/security/PrivilegedActionException'> (0x0000000795836118) thrown at [/Users/java_re/workspace/8-2-build-macosx-x86_64/jdk8u65/4987/hotspot/src/share/vm/prims/jvm.cpp, line 1386]
Event: 0.137 Thread 0x00007fd394003000 Exception <a 'java/security/PrivilegedActionException'> (0x00000007958395a0) thrown at [/Users/java_re/workspace/8-2-build-macosx-x86_64/jdk8u65/4987/hotspot/src/share/vm/prims/jvm.cpp, line 1386]
Event: 0.137 Thread 0x00007fd394003000 Exception <a 'java/security/PrivilegedActionException'> (0x00000007958397b0) thrown at [/Users/java_re/workspace/8-2-build-macosx-x86_64/jdk8u65/4987/hotspot/src/share/vm/prims/jvm.cpp, line 1386]
Event: 0.178 Thread 0x00007fd394003000 Exception <a 'java/lang/NoSuchFieldError': method resolution failed> (0x0000000795907f80) thrown at [/Users/java_re/workspace/8-2-build-macosx-x86_64/jdk8u65/4987/hotspot/src/share/vm/prims/methodHandles.cpp, line 1146]
Event: 0.180 Thread 0x00007fd394003000 Exception <a 'java/lang/NoSuchFieldError': method resolution failed> (0x00000007959156d0) thrown at [/Users/java_re/workspace/8-2-build-macosx-x86_64/jdk8u65/4987/hotspot/src/share/vm/prims/methodHandles.cpp, line 1146]
Event: 0.291 Thread 0x00007fd394003000 Exception <a 'java/io/FileNotFoundException'> (0x0000000795990618) thrown at [/Users/java_re/workspace/8-2-build-macosx-x86_64/jdk8u65/4987/hotspot/src/share/vm/prims/jni.cpp, line 709]
Event: 0.291 Thread 0x00007fd394003000 Exception <a 'java/io/FileNotFoundException'> (0x0000000795991180) thrown at [/Users/java_re/workspace/8-2-build-macosx-x86_64/jdk8u65/4987/hotspot/src/share/vm/prims/jni.cpp, line 709]

Events (10 events):
Event: 1.086 loading class org/lwjgl/opengl/Sync$RunningAvg done
Event: 4.109 Executing VM operation: EnableBiasedLocking
Event: 4.109 Executing VM operation: EnableBiasedLocking done
Event: 4.168 Thread 0x00007fd394003000 DEOPT PACKING pc=0x000000010ed85f73 sp=0x0000700000219750
Event: 4.168 Thread 0x00007fd394003000 DEOPT UNPACKING pc=0x000000010ebd0633 sp=0x0000700000219580 mode 0
Event: 6.036 Thread 0x00007fd394003000 Uncommon trap: trap_request=0xffffff65 fr.pc=0x000000010ed98740
Event: 6.036 Thread 0x00007fd394003000 DEOPT PACKING pc=0x000000010ed98740 sp=0x0000700000219680
Event: 6.036 Thread 0x00007fd394003000 DEOPT UNPACKING pc=0x000000010eb8e229 sp=0x00007000002195a0 mode 2
Event: 8.937 loading class org/lwjgl/opengl/CallbackUtil
Event: 8.937 loading class org/lwjgl/opengl/CallbackUtil done


Dynamic libraries:
0x0000000004210000 	/System/Library/Frameworks/Cocoa.framework/Versions/A/Cocoa
0x0000000004210000 	/System/Library/Frameworks/Security.framework/Versions/A/Security
0x0000000004210000 	/System/Library/Frameworks/ApplicationServices.framework/Versions/A/ApplicationServices
0x0000000004210000 	/usr/lib/libz.1.dylib
0x0000000004210000 	/usr/lib/libSystem.B.dylib
0x0000000004210000 	/usr/lib/libobjc.A.dylib
0x0000000004210000 	/System/Library/Frameworks/CoreFoundation.framework/Versions/A/CoreFoundation
0x0000000004210000 	/System/Library/Frameworks/Foundation.framework/Versions/C/Foundation
0x0000000004210000 	/System/Library/Frameworks/AppKit.framework/Versions/C/AppKit
0x0000000004210000 	/System/Library/Frameworks/CoreData.framework/Versions/A/CoreData
0x0000000004210000 	/System/Library/PrivateFrameworks/RemoteViewServices.framework/Versions/A/RemoteViewServices
0x0000000004210000 	/System/Library/PrivateFrameworks/UIFoundation.framework/Versions/A/UIFoundation
0x0000000004210000 	/usr/lib/libScreenReader.dylib
0x0000000004210000 	/System/Library/Frameworks/Accelerate.framework/Versions/A/Accelerate
0x0000000004210000 	/System/Library/Frameworks/IOSurface.framework/Versions/A/IOSurface
0x0000000004210000 	/System/Library/Frameworks/AudioToolbox.framework/Versions/A/AudioToolbox
0x0000000004210000 	/System/Library/Frameworks/AudioUnit.framework/Versions/A/AudioUnit
0x0000000004210000 	/System/Library/PrivateFrameworks/DataDetectorsCore.framework/Versions/A/DataDetectorsCore
0x0000000004210000 	/System/Library/PrivateFrameworks/DesktopServicesPriv.framework/Versions/A/DesktopServicesPriv
0x0000000004210000 	/System/Library/Frameworks/Carbon.framework/Versions/A/Frameworks/HIToolbox.framework/Versions/A/HIToolbox
0x0000000004210000 	/System/Library/Frameworks/QuartzCore.framework/Versions/A/QuartzCore
0x0000000004210000 	/System/Library/Frameworks/Carbon.framework/Versions/A/Frameworks/SpeechRecognition.framework/Versions/A/SpeechRecognition
0x0000000004210000 	/usr/lib/libauto.dylib
0x0000000004210000 	/usr/lib/libicucore.A.dylib
0x0000000004210000 	/usr/lib/libxml2.2.dylib
0x0000000004210000 	/System/Library/PrivateFrameworks/CoreUI.framework/Versions/A/CoreUI
0x0000000004210000 	/System/Library/Frameworks/CoreAudio.framework/Versions/A/CoreAudio
0x0000000004210000 	/System/Library/Frameworks/DiskArbitration.framework/Versions/A/DiskArbitration
0x0000000004210000 	/usr/lib/liblangid.dylib
0x0000000004210000 	/System/Library/PrivateFrameworks/MultitouchSupport.framework/Versions/A/MultitouchSupport
0x0000000004210000 	/System/Library/Frameworks/IOKit.framework/Versions/A/IOKit
0x0000000004210000 	/usr/lib/libDiagnosticMessagesClient.dylib
0x0000000004210000 	/System/Library/Frameworks/CoreServices.framework/Versions/A/CoreServices
0x0000000004210000 	/System/Library/PrivateFrameworks/PerformanceAnalysis.framework/Versions/A/PerformanceAnalysis
0x0000000004210000 	/System/Library/PrivateFrameworks/GenerationalStorage.framework/Versions/A/GenerationalStorage
0x0000000004210000 	/System/Library/Frameworks/OpenGL.framework/Versions/A/OpenGL
0x0000000004210000 	/System/Library/PrivateFrameworks/Sharing.framework/Versions/A/Sharing
0x0000000004210000 	/System/Library/Frameworks/CoreGraphics.framework/Versions/A/CoreGraphics
0x0000000004210000 	/System/Library/Frameworks/CoreImage.framework/Versions/A/CoreImage
0x0000000004210000 	/System/Library/Frameworks/CoreText.framework/Versions/A/CoreText
0x0000000004210000 	/System/Library/Frameworks/ImageIO.framework/Versions/A/ImageIO
0x0000000004210000 	/System/Library/PrivateFrameworks/Backup.framework/Versions/A/Backup
0x0000000004210000 	/usr/lib/libextension.dylib
0x0000000004210000 	/usr/lib/libarchive.2.dylib
0x0000000004210000 	/System/Library/Frameworks/CFNetwork.framework/Versions/A/CFNetwork
0x0000000004210000 	/System/Library/Frameworks/SystemConfiguration.framework/Versions/A/SystemConfiguration
0x0000000004210000 	/usr/lib/libCRFSuite.dylib
0x0000000004210000 	/usr/lib/libc++.1.dylib
0x0000000004210000 	/usr/lib/libc++abi.dylib
0x0000000004210000 	/usr/lib/system/libcache.dylib
0x0000000004210000 	/usr/lib/system/libcommonCrypto.dylib
0x0000000004210000 	/usr/lib/system/libcompiler_rt.dylib
0x0000000004210000 	/usr/lib/system/libcopyfile.dylib
0x0000000004210000 	/usr/lib/system/libcorecrypto.dylib
0x0000000004210000 	/usr/lib/system/libdispatch.dylib
0x0000000004210000 	/usr/lib/system/libdyld.dylib
0x0000000004210000 	/usr/lib/system/libkeymgr.dylib
0x0000000004210000 	/usr/lib/system/liblaunch.dylib
0x0000000004210000 	/usr/lib/system/libmacho.dylib
0x0000000004210000 	/usr/lib/system/libquarantine.dylib
0x0000000004210000 	/usr/lib/system/libremovefile.dylib
0x0000000004210000 	/usr/lib/system/libsystem_asl.dylib
0x0000000004210000 	/usr/lib/system/libsystem_blocks.dylib
0x0000000004210000 	/usr/lib/system/libsystem_c.dylib
0x0000000004210000 	/usr/lib/system/libsystem_configuration.dylib
0x0000000004210000 	/usr/lib/system/libsystem_coreservices.dylib
0x0000000004210000 	/usr/lib/system/libsystem_coretls.dylib
0x0000000004210000 	/usr/lib/system/libsystem_dnssd.dylib
0x0000000004210000 	/usr/lib/system/libsystem_info.dylib
0x0000000004210000 	/usr/lib/system/libsystem_kernel.dylib
0x0000000004210000 	/usr/lib/system/libsystem_m.dylib
0x0000000004210000 	/usr/lib/system/libsystem_malloc.dylib
0x0000000004210000 	/usr/lib/system/libsystem_network.dylib
0x0000000004210000 	/usr/lib/system/libsystem_networkextension.dylib
0x0000000004210000 	/usr/lib/system/libsystem_notify.dylib
0x0000000004210000 	/usr/lib/system/libsystem_platform.dylib
0x0000000004210000 	/usr/lib/system/libsystem_pthread.dylib
0x0000000004210000 	/usr/lib/system/libsystem_sandbox.dylib
0x0000000004210000 	/usr/lib/system/libsystem_secinit.dylib
0x0000000004210000 	/usr/lib/system/libsystem_trace.dylib
0x0000000004210000 	/usr/lib/system/libunc.dylib
0x0000000004210000 	/usr/lib/system/libunwind.dylib
0x0000000004210000 	/usr/lib/system/libxpc.dylib
0x0000000004210000 	/usr/lib/libenergytrace.dylib
0x0000000004210000 	/usr/lib/libbsm.0.dylib
0x0000000004210000 	/usr/lib/system/libkxld.dylib
0x0000000004210000 	/usr/lib/libxar.1.dylib
0x0000000004210000 	/usr/lib/libsqlite3.dylib
0x0000000004210000 	/usr/lib/libpam.2.dylib
0x0000000004210000 	/usr/lib/libOpenScriptingUtil.dylib
0x0000000004210000 	/usr/lib/libbz2.1.0.dylib
0x0000000004210000 	/usr/lib/liblzma.5.dylib
0x0000000004210000 	/System/Library/Frameworks/CoreServices.framework/Versions/A/Frameworks/FSEvents.framework/Versions/A/FSEvents
0x0000000004210000 	/System/Library/Frameworks/CoreServices.framework/Versions/A/Frameworks/CarbonCore.framework/Versions/A/CarbonCore
0x0000000004210000 	/System/Library/Frameworks/CoreServices.framework/Versions/A/Frameworks/Metadata.framework/Versions/A/Metadata
0x0000000004210000 	/System/Library/Frameworks/CoreServices.framework/Versions/A/Frameworks/OSServices.framework/Versions/A/OSServices
0x0000000004210000 	/System/Library/Frameworks/CoreServices.framework/Versions/A/Frameworks/SearchKit.framework/Versions/A/SearchKit
0x0000000004210000 	/System/Library/Frameworks/CoreServices.framework/Versions/A/Frameworks/AE.framework/Versions/A/AE
0x0000000004210000 	/System/Library/Frameworks/CoreServices.framework/Versions/A/Frameworks/LaunchServices.framework/Versions/A/LaunchServices
0x0000000004210000 	/System/Library/Frameworks/CoreServices.framework/Versions/A/Frameworks/DictionaryServices.framework/Versions/A/DictionaryServices
0x0000000004210000 	/System/Library/Frameworks/CoreServices.framework/Versions/A/Frameworks/SharedFileList.framework/Versions/A/SharedFileList
0x0000000004210000 	/System/Library/Frameworks/NetFS.framework/Versions/A/NetFS
0x0000000004210000 	/System/Library/PrivateFrameworks/NetAuth.framework/Versions/A/NetAuth
0x0000000004210000 	/System/Library/PrivateFrameworks/login.framework/Versions/A/Frameworks/loginsupport.framework/Versions/A/loginsupport
0x0000000004210000 	/System/Library/PrivateFrameworks/TCC.framework/Versions/A/TCC
0x0000000004210000 	/usr/lib/libmecabra.dylib
0x0000000004210000 	/System/Library/Frameworks/ApplicationServices.framework/Versions/A/Frameworks/ATS.framework/Versions/A/ATS
0x0000000004210000 	/System/Library/Frameworks/ApplicationServices.framework/Versions/A/Frameworks/ColorSync.framework/Versions/A/ColorSync
0x0000000004210000 	/System/Library/Frameworks/ApplicationServices.framework/Versions/A/Frameworks/HIServices.framework/Versions/A/HIServices
0x0000000004210000 	/System/Library/Frameworks/ApplicationServices.framework/Versions/A/Frameworks/LangAnalysis.framework/Versions/A/LangAnalysis
0x0000000004210000 	/System/Library/Frameworks/ApplicationServices.framework/Versions/A/Frameworks/PrintCore.framework/Versions/A/PrintCore
0x0000000004210000 	/System/Library/Frameworks/ApplicationServices.framework/Versions/A/Frameworks/QD.framework/Versions/A/QD
0x0000000004210000 	/System/Library/Frameworks/ApplicationServices.framework/Versions/A/Frameworks/SpeechSynthesis.framework/Versions/A/SpeechSynthesis
0x0000000004210000 	/System/Library/Frameworks/Metal.framework/Versions/A/Metal
0x0000000004210000 	/System/Library/Frameworks/Accelerate.framework/Versions/A/Frameworks/vImage.framework/Versions/A/vImage
0x0000000004210000 	/System/Library/Frameworks/Accelerate.framework/Versions/A/Frameworks/vecLib.framework/Versions/A/vecLib
0x0000000004210000 	/System/Library/Frameworks/Accelerate.framework/Versions/A/Frameworks/vecLib.framework/Versions/A/libvDSP.dylib
0x0000000004210000 	/System/Library/Frameworks/Accelerate.framework/Versions/A/Frameworks/vecLib.framework/Versions/A/libvMisc.dylib
0x0000000004210000 	/System/Library/Frameworks/Accelerate.framework/Versions/A/Frameworks/vecLib.framework/Versions/A/libLAPACK.dylib
0x0000000004210000 	/System/Library/Frameworks/Accelerate.framework/Versions/A/Frameworks/vecLib.framework/Versions/A/libBLAS.dylib
0x0000000004210000 	/System/Library/Frameworks/Accelerate.framework/Versions/A/Frameworks/vecLib.framework/Versions/A/libLinearAlgebra.dylib
0x0000000004210000 	/System/Library/Frameworks/Accelerate.framework/Versions/A/Frameworks/vecLib.framework/Versions/A/libSparseBLAS.dylib
0x0000000004210000 	/System/Library/PrivateFrameworks/GPUCompiler.framework/libmetal_timestamp.dylib
0x0000000004210000 	/System/Library/Frameworks/OpenGL.framework/Versions/A/Libraries/libCoreFSCache.dylib
0x0000000004210000 	/System/Library/PrivateFrameworks/IOAccelerator.framework/Versions/A/IOAccelerator
0x0000000004210000 	/System/Library/Frameworks/ApplicationServices.framework/Versions/A/Frameworks/ATS.framework/Versions/A/Resources/libFontParser.dylib
0x0000000004210000 	/System/Library/Frameworks/ApplicationServices.framework/Versions/A/Frameworks/ATS.framework/Versions/A/Resources/libFontRegistry.dylib
0x0000000004210000 	/System/Library/PrivateFrameworks/AppleVPA.framework/Versions/A/AppleVPA
0x0000000004210000 	/System/Library/PrivateFrameworks/AppleJPEG.framework/Versions/A/AppleJPEG
0x0000000004210000 	/System/Library/Frameworks/ImageIO.framework/Versions/A/Resources/libJPEG.dylib
0x0000000004210000 	/System/Library/Frameworks/ImageIO.framework/Versions/A/Resources/libTIFF.dylib
0x0000000004210000 	/System/Library/Frameworks/ImageIO.framework/Versions/A/Resources/libPng.dylib
0x0000000004210000 	/System/Library/Frameworks/ImageIO.framework/Versions/A/Resources/libGIF.dylib
0x0000000004210000 	/System/Library/Frameworks/ImageIO.framework/Versions/A/Resources/libJP2.dylib
0x0000000004210000 	/System/Library/Frameworks/ImageIO.framework/Versions/A/Resources/libRadiance.dylib
0x0000000004210000 	/System/Library/Frameworks/CoreVideo.framework/Versions/A/CoreVideo
0x0000000004210000 	/System/Library/Frameworks/OpenGL.framework/Versions/A/Libraries/libGLU.dylib
0x0000000004210000 	/System/Library/Frameworks/OpenGL.framework/Versions/A/Libraries/libGFXShared.dylib
0x0000000004210000 	/System/Library/Frameworks/OpenGL.framework/Versions/A/Libraries/libGL.dylib
0x0000000004210000 	/System/Library/Frameworks/OpenGL.framework/Versions/A/Libraries/libGLImage.dylib
0x0000000004210000 	/System/Library/Frameworks/OpenGL.framework/Versions/A/Libraries/libCVMSPluginSupport.dylib
0x0000000004210000 	/System/Library/Frameworks/OpenGL.framework/Versions/A/Libraries/libCoreVMClient.dylib
0x0000000004210000 	/usr/lib/libcups.2.dylib
0x0000000004210000 	/System/Library/Frameworks/Kerberos.framework/Versions/A/Kerberos
0x0000000004210000 	/System/Library/Frameworks/GSS.framework/Versions/A/GSS
0x0000000004210000 	/usr/lib/libresolv.9.dylib
0x0000000004210000 	/usr/lib/libiconv.2.dylib
0x0000000004210000 	/System/Library/PrivateFrameworks/Heimdal.framework/Versions/A/Heimdal
0x0000000004210000 	/usr/lib/libheimdal-asn1.dylib
0x0000000004210000 	/System/Library/Frameworks/OpenDirectory.framework/Versions/A/OpenDirectory
0x0000000004210000 	/System/Library/PrivateFrameworks/CommonAuth.framework/Versions/A/CommonAuth
0x0000000004210000 	/System/Library/Frameworks/OpenDirectory.framework/Versions/A/Frameworks/CFOpenDirectory.framework/Versions/A/CFOpenDirectory
0x0000000004210000 	/System/Library/Frameworks/SecurityFoundation.framework/Versions/A/SecurityFoundation
0x0000000004210000 	/System/Library/PrivateFrameworks/LanguageModeling.framework/Versions/A/LanguageModeling
0x0000000004210000 	/usr/lib/libmarisa.dylib
0x0000000004210000 	/usr/lib/libChineseTokenizer.dylib
0x0000000004210000 	/usr/lib/libcmph.dylib
0x0000000004210000 	/usr/lib/libcompression.dylib
0x0000000004210000 	/System/Library/Frameworks/ServiceManagement.framework/Versions/A/ServiceManagement
0x0000000004210000 	/usr/lib/libxslt.1.dylib
0x0000000004210000 	/System/Library/Frameworks/Carbon.framework/Versions/A/Frameworks/Ink.framework/Versions/A/Ink
0x0000000004210000 	/usr/lib/libFosl_dynamic.dylib
0x0000000004210000 	/System/Library/PrivateFrameworks/FaceCore.framework/Versions/A/FaceCore
0x0000000004210000 	/System/Library/Frameworks/OpenCL.framework/Versions/A/OpenCL
0x0000000004210000 	/System/Library/PrivateFrameworks/CrashReporterSupport.framework/Versions/A/CrashReporterSupport
0x0000000004210000 	/System/Library/PrivateFrameworks/IconServices.framework/Versions/A/IconServices
0x0000000004210000 	/System/Library/PrivateFrameworks/Apple80211.framework/Versions/A/Apple80211
0x0000000004210000 	/System/Library/Frameworks/CoreWLAN.framework/Versions/A/CoreWLAN
0x0000000004210000 	/System/Library/Frameworks/IOBluetooth.framework/Versions/A/IOBluetooth
0x0000000004210000 	/System/Library/PrivateFrameworks/CoreWiFi.framework/Versions/A/CoreWiFi
0x0000000004210000 	/System/Library/Frameworks/CoreBluetooth.framework/Versions/A/CoreBluetooth
0x0000000004210000 	/System/Library/PrivateFrameworks/ChunkingLibrary.framework/Versions/A/ChunkingLibrary
0x0000000004210000 	/System/Library/PrivateFrameworks/DebugSymbols.framework/Versions/A/DebugSymbols
0x0000000004210000 	/System/Library/PrivateFrameworks/CoreSymbolication.framework/Versions/A/CoreSymbolication
0x0000000004210000 	/System/Library/PrivateFrameworks/Symbolication.framework/Versions/A/Symbolication
0x0000000004210000 	/System/Library/PrivateFrameworks/SpeechRecognitionCore.framework/Versions/A/SpeechRecognitionCore
0x000000010dc00000 	/Library/Java/JavaVirtualMachines/jdk1.8.0_65.jdk/Contents/Home/jre/lib/server/libjvm.dylib
0x0000000004210000 	/usr/lib/libstdc++.6.dylib
0x000000010ca44000 	/Library/Java/JavaVirtualMachines/jdk1.8.0_65.jdk/Contents/Home/jre/lib/libverify.dylib
0x000000010ca52000 	/Library/Java/JavaVirtualMachines/jdk1.8.0_65.jdk/Contents/Home/jre/lib/libjava.dylib
0x000000010ca91000 	/Library/Java/JavaVirtualMachines/jdk1.8.0_65.jdk/Contents/Home/jre/lib/libzip.dylib
0x000000012500a000 	/System/Library/Frameworks/JavaVM.framework/Frameworks/JavaRuntimeSupport.framework/JavaRuntimeSupport
0x0000000125025000 	/System/Library/Frameworks/JavaVM.framework/Versions/A/Frameworks/JavaNativeFoundation.framework/Versions/A/JavaNativeFoundation
0x000000012503a000 	/System/Library/Frameworks/JavaVM.framework/Versions/A/JavaVM
0x0000000004210000 	/System/Library/Frameworks/Carbon.framework/Versions/A/Carbon
0x0000000125047000 	/System/Library/PrivateFrameworks/JavaLaunching.framework/Versions/A/JavaLaunching
0x0000000004210000 	/System/Library/Frameworks/Carbon.framework/Versions/A/Frameworks/CommonPanels.framework/Versions/A/CommonPanels
0x0000000004210000 	/System/Library/Frameworks/Carbon.framework/Versions/A/Frameworks/Help.framework/Versions/A/Help
0x0000000004210000 	/System/Library/Frameworks/Carbon.framework/Versions/A/Frameworks/ImageCapture.framework/Versions/A/ImageCapture
0x0000000004210000 	/System/Library/Frameworks/Carbon.framework/Versions/A/Frameworks/OpenScripting.framework/Versions/A/OpenScripting
0x0000000004210000 	/System/Library/Frameworks/Carbon.framework/Versions/A/Frameworks/Print.framework/Versions/A/Print
0x0000000004210000 	/System/Library/Frameworks/Carbon.framework/Versions/A/Frameworks/SecurityHI.framework/Versions/A/SecurityHI
0x00000001269b3000 	/Library/Java/JavaVirtualMachines/jdk1.8.0_65.jdk/Contents/Home/jre/lib/libawt.dylib
0x0000000126a5b000 	/Library/Java/JavaVirtualMachines/jdk1.8.0_65.jdk/Contents/Home/jre/lib/./libmlib_image.dylib
0x0000000126b27000 	/Library/Java/JavaVirtualMachines/jdk1.8.0_65.jdk/Contents/Home/jre/lib/libawt_lwawt.dylib
0x0000000126bdc000 	/Library/Java/JavaVirtualMachines/jdk1.8.0_65.jdk/Contents/Home/jre/lib/./libosxapp.dylib
0x0000000004210000 	/System/Library/Frameworks/ExceptionHandling.framework/Versions/A/ExceptionHandling
0x0000000004210000 	/System/Library/PrivateFrameworks/CoreServicesInternal.framework/Versions/A/CoreServicesInternal
0x0000000004210000 	/System/Library/Frameworks/CoreGraphics.framework/Versions/A/Resources/libRIP.A.dylib
0x0000000004210000 	/System/Library/Frameworks/Accelerate.framework/Versions/A/Frameworks/vImage.framework/Versions/A/Libraries/libCGInterfaces.dylib
0x0000000004210000 	/System/Library/Frameworks/CoreGraphics.framework/Versions/A/Resources/libCGXType.A.dylib
0x0000000004210000 	/System/Library/Frameworks/OpenCL.framework/Versions/A/Libraries/libcldcpuengine.dylib
0x0000000004210000 	/System/Library/PrivateFrameworks/DiskImages.framework/Versions/A/DiskImages
0x0000000004210000 	/System/Library/Frameworks/DiscRecording.framework/Versions/A/DiscRecording
0x0000000004210000 	/usr/lib/libcsfde.dylib
0x0000000004210000 	/usr/lib/libcurl.4.dylib
0x0000000004210000 	/System/Library/PrivateFrameworks/MediaKit.framework/Versions/A/MediaKit
0x0000000004210000 	/System/Library/PrivateFrameworks/ProtectedCloudStorage.framework/Versions/A/ProtectedCloudStorage
0x0000000004210000 	/usr/lib/libCoreStorage.dylib
0x0000000004210000 	/System/Library/PrivateFrameworks/EFILogin.framework/Versions/A/EFILogin
0x0000000004210000 	/usr/lib/libutil.dylib
0x0000000004210000 	/System/Library/PrivateFrameworks/FindMyDevice.framework/Versions/A/FindMyDevice
0x0000000004210000 	/System/Library/Frameworks/LDAP.framework/Versions/A/LDAP
0x0000000004210000 	/usr/lib/libsasl2.2.dylib
0x0000000004210000 	/System/Library/PrivateFrameworks/CoreDaemon.framework/Versions/B/CoreDaemon
0x0000000004210000 	/usr/lib/libcrypto.0.9.8.dylib
0x0000000004210000 	/System/Library/PrivateFrameworks/AppleSRP.framework/Versions/A/AppleSRP
0x0000000004210000 	/System/Library/PrivateFrameworks/TrustEvaluationAgent.framework/Versions/A/TrustEvaluationAgent
0x0000000128420000 	cl_kernels
0x0000000004210000 	/System/Library/Frameworks/OpenCL.framework/Versions/A/Libraries/ImageFormats/unorm8_bgra.dylib
0x0000000004210000 	/System/Library/Frameworks/OpenCL.framework/Versions/A/Libraries/ImageFormats/unorm8_rgba.dylib
0x0000000004210000 	/System/Library/PrivateFrameworks/FamilyControls.framework/Versions/A/FamilyControls
0x0000000004210000 	/System/Library/PrivateFrameworks/CommerceKit.framework/Versions/A/Frameworks/CommerceCore.framework/Versions/A/CommerceCore
0x0000000004210000 	/System/Library/PrivateFrameworks/SystemAdministration.framework/Versions/A/SystemAdministration
0x0000000004210000 	/System/Library/PrivateFrameworks/AppContainer.framework/Versions/A/AppContainer
0x0000000004210000 	/System/Library/PrivateFrameworks/SecCodeWrapper.framework/Versions/A/SecCodeWrapper
0x0000000004210000 	/System/Library/Frameworks/DirectoryService.framework/Versions/A/DirectoryService
0x0000000004210000 	/System/Library/PrivateFrameworks/LoginUIKit.framework/Versions/A/Frameworks/LoginUICore.framework/Versions/A/LoginUICore
0x0000000004210000 	/usr/lib/libodfde.dylib
0x0000000129468000 	/Library/Java/JavaVirtualMachines/jdk1.8.0_65.jdk/Contents/Home/jre/lib/libfontmanager.dylib
0x00000001294cf000 	/Volumes/SAI/APCompSai/LightBike/res/native/macosx/liblwjgl.dylib
0x00000001278ec000 	/Library/Java/JavaVirtualMachines/jdk1.8.0_65.jdk/Contents/Home/jre/lib/libjawt.dylib
0x0000000004210000 	/System/Library/Frameworks/OpenGL.framework/Versions/A/Resources/GLEngine.bundle/GLEngine
0x0000000004210000 	/System/Library/Frameworks/OpenGL.framework/Versions/A/Libraries/libGLProgrammability.dylib
0x0000000129551000 	/System/Library/Extensions/AppleIntelHD3000GraphicsGLDriver.bundle/Contents/MacOS/AppleIntelHD3000GraphicsGLDriver
0x0000000004210000 	/System/Library/PrivateFrameworks/GPUSupport.framework/Versions/A/Libraries/libGPUSupport.dylib
0x00000001299f0000 	/System/Library/Extensions/AMDRadeonX3000GLDriver.bundle/Contents/MacOS/AMDRadeonX3000GLDriver
0x0000000004210000 	/System/Library/PrivateFrameworks/GPUSupport.framework/Versions/A/Libraries/libGPUSupportMercury.dylib
0x0000000129acf000 	/System/Library/Extensions/AMDRadeonX3000GLDriver.bundle/Contents/MacOS/ATIRadeonX3000SCLib.dylib
0x0000000004210000 	/System/Library/Frameworks/OpenGL.framework/Versions/A/Resources/GLRendererFloat.bundle/GLRendererFloat

VM Arguments:
jvm_args: -Djava.library.path=/Volumes/SAI/APCompSai/LightBike/res/native/macosx -Dfile.encoding=UTF-8 
java_command: TronGame
java_class_path (initial): /Volumes/SAI/APCompSai/LightBike/bin:/Volumes/SAI/APCompSai/LightBike/res/jar/lwjgl_util.jar:/Volumes/SAI/APCompSai/LightBike/res/jar/lwjgl.jar:/Volumes/SAI/APCompSai/LightBike/res/jar/slick-util.jar
Launcher Type: SUN_STANDARD

Environment Variables:
PATH=/usr/bin:/bin:/usr/sbin:/sbin
SHELL=/bin/bash

Signal Handlers:
SIGSEGV: [libjvm.dylib+0x5a6d31], sa_mask[0]=11111111011111110111111111111111, sa_flags=SA_ONSTACK|SA_RESTART|SA_SIGINFO
SIGBUS: [libjvm.dylib+0x5a6d31], sa_mask[0]=11111111011111110111111111111111, sa_flags=SA_RESTART|SA_SIGINFO
SIGFPE: [libjvm.dylib+0x480a40], sa_mask[0]=11111111011111110111111111111111, sa_flags=SA_RESTART|SA_SIGINFO
SIGPIPE: [libjvm.dylib+0x480a40], sa_mask[0]=11111111011111110111111111111111, sa_flags=SA_RESTART|SA_SIGINFO
SIGXFSZ: [libjvm.dylib+0x480a40], sa_mask[0]=11111111011111110111111111111111, sa_flags=SA_RESTART|SA_SIGINFO
SIGILL: [libjvm.dylib+0x480a40], sa_mask[0]=11111111011111110111111111111111, sa_flags=SA_RESTART|SA_SIGINFO
SIGUSR1: SIG_DFL, sa_mask[0]=00000000000000000000000000000000, sa_flags=none
SIGUSR2: [libjvm.dylib+0x48055e], sa_mask[0]=00100000000000000000000000000000, sa_flags=SA_RESTART|SA_SIGINFO
SIGHUP: [libjvm.dylib+0x47eb35], sa_mask[0]=11111111011111110111111111111111, sa_flags=SA_RESTART|SA_SIGINFO
SIGINT: [libjvm.dylib+0x47eb35], sa_mask[0]=11111111011111110111111111111111, sa_flags=SA_RESTART|SA_SIGINFO
SIGTERM: [libjvm.dylib+0x47eb35], sa_mask[0]=11111111011111110111111111111111, sa_flags=SA_RESTART|SA_SIGINFO
SIGQUIT: [libjvm.dylib+0x47eb35], sa_mask[0]=11111111011111110111111111111111, sa_flags=SA_RESTART|SA_SIGINFO


---------------  S Y S T E M  ---------------

OS:Bsduname:Darwin 15.0.0 Darwin Kernel Version 15.0.0: Sat Sep 19 15:53:46 PDT 2015; root:xnu-3247.10.11~1/RELEASE_X86_64 x86_64
rlimit: STACK 8192k, CORE 0k, NPROC 709, NOFILE 10240, AS infinity
load average:1.02 3.29 3.42

CPU:total 8 (4 cores per cpu, 2 threads per core) family 6 model 42 stepping 7, cmov, cx8, fxsr, mmx, sse, sse2, sse3, ssse3, sse4.1, sse4.2, popcnt, avx, aes, clmul, ht, tsc, tscinvbit

Memory: 4k page, physical 8388608k(3457776k free)

/proc/meminfo:


vm_info: Java HotSpot(TM) 64-Bit Server VM (25.65-b01) for bsd-amd64 JRE (1.8.0_65-b17), built on Oct  6 2015 15:36:46 by "java_re" with gcc 4.2.1 (Based on Apple Inc. build 5658) (LLVM build 2336.11.00)

time: Thu Apr  7 22:42:54 2016
elapsed time: 9 seconds (0d 0h 0m 9s)

